C251 COMPILER V5.60.0,  common                                                             25/04/24  13:33:28  PAGE 1   


C251 COMPILER V5.60.0, COMPILATION OF MODULE common
OBJECT MODULE PLACED IN .\Out_flie\common.obj
COMPILER INVOKED BY: D:\Keil_80251\C251\BIN\C251.EXE ..\LIB\startup\common.c XSMALL INTR2 BROWSE INCDIR(..\LIB\startup;.
                    -.\LIB\libraries;..\LIB\peripheral;..\USER\inc) DEBUG PRINT(.\Listings\common.lst) TABS(2) OBJECT(.\Out_flie\common.obj) 

stmt  level    source

    1          
    2          /********************************************************************************************************
             -*************
    3           * @file          common
    4           * @date          2024-03-06
    5           * @note    
    6           ********************************************************************************************************
             -************/
    7          
    8          
    9          #include "common.h"
   10          #include "intrins.h"
   11          
   12          
   13          //无线模块类型
   14          WIRELESS_TYPE_enum wireless_type = NO_WIRELESS_MODE;


Module Information          Static   Overlayable
------------------------------------------------
  code size            =    ------     ------
  ecode size           =    ------     ------
  data size            =    ------     ------
  idata size           =    ------     ------
  pdata size           =    ------     ------
  xdata size           =    ------     ------
  xdata-const size     =    ------     ------
  edata size           =         2     ------
  bit size             =    ------     ------
  ebit size            =    ------     ------
  bitaddressable size  =    ------     ------
  ebitaddressable size =    ------     ------
  far data size        =    ------     ------
  huge data size       =    ------     ------
  const size           =    ------     ------
  hconst size          =         6     ------
End of Module Information.


C251 COMPILATION COMPLETE.  0 WARNING(S),  0 ERROR(S)
