C251 COMPILER V5.60.0,  FONT                                                               08/03/24  19:26:53  PAGE 1   


C251 COMPILER V5.60.0, COMPILATION OF MODULE FONT
OBJECT MODULE PLACED IN .\Out_flie\FONT.obj
COMPILER INVOKED BY: D:\Keil_80251\C251\BIN\C251.EXE ..\LIB\peripheral\FONT.c XSMALL INTR2 BROWSE INCDIR(..\LIB\startup;
                    -..\LIB\libraries;..\LIB\peripheral;..\USER\inc) DEBUG PRINT(.\Listings\FONT.lst) TABS(2) OBJECT(.\Out_flie\FONT.obj) 

stmt  level    source

    1          
    2          /********************************************************************************************************
             -*************
    3           * @file          字体文件
    4           * @date          2024-03-06
    5           * @note          8*16、6*8大小英文字库(数字、字母、符号)
    6           ********************************************************************************************************
             -************/
    7          
    8          
    9          #include "FONT.h"
   10          
   11          const uint8 code tft_ascii[95][16] = 
   12          {
   13            {0x00,0x00,0x00,0x00,0x00,0x00,0x00,0x00,0x00,0x00,0x00,0x00,0x00,0x00,0x00,0x00},/*" ",0*/
   14          
   15            {0x00,0x00,0x00,0x08,0x08,0x08,0x08,0x08,0x08,0x08,0x00,0x00,0x08,0x08,0x00,0x00},/*"!",1*/
   16          
   17            {0x00,0x48,0x24,0x24,0x12,0x00,0x00,0x00,0x00,0x00,0x00,0x00,0x00,0x00,0x00,0x00},/*""",2*/
   18          
   19            {0x00,0x00,0x00,0x48,0x48,0x48,0x7E,0x24,0x24,0x24,0x7E,0x24,0x24,0x24,0x00,0x00},/*"#",3*/
   20          
   21            {0x00,0x00,0x10,0x3C,0x52,0x52,0x12,0x1C,0x30,0x50,0x50,0x52,0x52,0x3C,0x10,0x10},/*"$",4*/
   22          
   23            {0x00,0x00,0x00,0x22,0x25,0x15,0x15,0x0D,0x2A,0x58,0x54,0x54,0x52,0x22,0x00,0x00},/*"%",5*/
   24          
   25            {0x00,0x00,0x00,0x0C,0x12,0x12,0x12,0x0A,0x76,0x25,0x29,0x19,0x91,0x6E,0x00,0x00},/*"&",6*/
   26          
   27            {0x00,0x06,0x04,0x04,0x02,0x00,0x00,0x00,0x00,0x00,0x00,0x00,0x00,0x00,0x00,0x00},/*"'",7*/
   28          
   29            {0x00,0x40,0x20,0x10,0x10,0x08,0x08,0x08,0x08,0x08,0x08,0x10,0x10,0x20,0x40,0x00},/*"(",8*/
   30          
   31            {0x00,0x02,0x04,0x08,0x08,0x10,0x10,0x10,0x10,0x10,0x10,0x08,0x08,0x04,0x02,0x00},/*")",9*/
   32          
   33            {0x00,0x00,0x00,0x00,0x08,0x08,0x6B,0x1C,0x1C,0x6B,0x08,0x08,0x00,0x00,0x00,0x00},/*"*",10*/
   34          
   35            {0x00,0x00,0x00,0x00,0x00,0x10,0x10,0x10,0xFE,0x10,0x10,0x10,0x00,0x00,0x00,0x00},/*"+",11*/
   36          
   37            {0x00,0x00,0x00,0x00,0x00,0x00,0x00,0x00,0x00,0x00,0x00,0x00,0x06,0x04,0x04,0x02},/*",",12*/
   38          
   39            {0x00,0x00,0x00,0x00,0x00,0x00,0x00,0x00,0x7E,0x00,0x00,0x00,0x00,0x00,0x00,0x00},/*"-",13*/
   40          
   41            {0x00,0x00,0x00,0x00,0x00,0x00,0x00,0x00,0x00,0x00,0x00,0x00,0x06,0x06,0x00,0x00},/*".",14*/
   42          
   43            {0x00,0x00,0x40,0x20,0x20,0x20,0x10,0x10,0x08,0x08,0x08,0x04,0x04,0x02,0x02,0x00},/*"/",15*/
   44          
   45            {0x00,0x00,0x00,0x18,0x24,0x42,0x42,0x42,0x42,0x42,0x42,0x42,0x24,0x18,0x00,0x00},/*"0",16*/
   46          
   47            {0x00,0x00,0x00,0x10,0x1C,0x10,0x10,0x10,0x10,0x10,0x10,0x10,0x10,0x7C,0x00,0x00},/*"1",17*/
   48          
   49            {0x00,0x00,0x00,0x3C,0x42,0x42,0x42,0x40,0x20,0x10,0x08,0x04,0x42,0x7E,0x00,0x00},/*"2",18*/
   50          
   51            {0x00,0x00,0x00,0x3C,0x42,0x42,0x40,0x20,0x18,0x20,0x40,0x42,0x42,0x3C,0x00,0x00},/*"3",19*/
   52          
   53            {0x00,0x00,0x00,0x20,0x30,0x30,0x28,0x24,0x24,0x22,0xFE,0x20,0x20,0xF8,0x00,0x00},/*"4",20*/
   54          
   55            {0x00,0x00,0x00,0x7E,0x02,0x02,0x02,0x1E,0x22,0x40,0x40,0x42,0x22,0x1C,0x00,0x00},/*"5",21*/
   56          
C251 COMPILER V5.60.0,  FONT                                                               08/03/24  19:26:53  PAGE 2   

   57            {0x00,0x00,0x00,0x18,0x24,0x02,0x02,0x3A,0x46,0x42,0x42,0x42,0x44,0x38,0x00,0x00},/*"6",22*/
   58          
   59            {0x00,0x00,0x00,0x7E,0x42,0x20,0x20,0x10,0x10,0x08,0x08,0x08,0x08,0x08,0x00,0x00},/*"7",23*/
   60          
   61            {0x00,0x00,0x00,0x3C,0x42,0x42,0x42,0x24,0x18,0x24,0x42,0x42,0x42,0x3C,0x00,0x00},/*"8",24*/
   62          
   63            {0x00,0x00,0x00,0x1C,0x22,0x42,0x42,0x42,0x62,0x5C,0x40,0x40,0x24,0x18,0x00,0x00},/*"9",25*/
   64          
   65            {0x00,0x00,0x00,0x00,0x00,0x00,0x18,0x18,0x00,0x00,0x00,0x00,0x18,0x18,0x00,0x00},/*":",26*/
   66          
   67            {0x00,0x00,0x00,0x00,0x00,0x00,0x00,0x08,0x00,0x00,0x00,0x00,0x00,0x08,0x08,0x08},/*";",27*/
   68          
   69            {0x00,0x00,0x00,0x40,0x20,0x10,0x08,0x04,0x02,0x04,0x08,0x10,0x20,0x40,0x00,0x00},/*"<",28*/
   70          
   71            {0x00,0x00,0x00,0x00,0x00,0x00,0x7E,0x00,0x00,0x7E,0x00,0x00,0x00,0x00,0x00,0x00},/*"=",29*/
   72          
   73            {0x00,0x00,0x00,0x02,0x04,0x08,0x10,0x20,0x40,0x20,0x10,0x08,0x04,0x02,0x00,0x00},/*">",30*/
   74          
   75            {0x00,0x00,0x00,0x3C,0x42,0x42,0x46,0x20,0x10,0x10,0x10,0x00,0x18,0x18,0x00,0x00},/*"?",31*/
   76          
   77            {0x00,0x00,0x00,0x1C,0x22,0x5A,0x55,0x55,0x55,0x55,0x55,0x3A,0x42,0x3C,0x00,0x00},/*"@",32*/
   78          
   79            {0x00,0x00,0x00,0x08,0x08,0x18,0x14,0x14,0x24,0x3C,0x22,0x42,0x42,0xE7,0x00,0x00},/*"A",33*/
   80          
   81            {0x00,0x00,0x00,0x1F,0x22,0x22,0x22,0x1E,0x22,0x42,0x42,0x42,0x22,0x1F,0x00,0x00},/*"B",34*/
   82          
   83            {0x00,0x00,0x00,0x7C,0x42,0x42,0x01,0x01,0x01,0x01,0x01,0x42,0x22,0x1C,0x00,0x00},/*"C",35*/
   84          
   85            {0x00,0x00,0x00,0x1F,0x22,0x42,0x42,0x42,0x42,0x42,0x42,0x42,0x22,0x1F,0x00,0x00},/*"D",36*/
   86          
   87            {0x00,0x00,0x00,0x3F,0x42,0x12,0x12,0x1E,0x12,0x12,0x02,0x42,0x42,0x3F,0x00,0x00},/*"E",37*/
   88          
   89            {0x00,0x00,0x00,0x3F,0x42,0x12,0x12,0x1E,0x12,0x12,0x02,0x02,0x02,0x07,0x00,0x00},/*"F",38*/
   90          
   91            {0x00,0x00,0x00,0x3C,0x22,0x22,0x01,0x01,0x01,0x71,0x21,0x22,0x22,0x1C,0x00,0x00},/*"G",39*/
   92          
   93            {0x00,0x00,0x00,0xE7,0x42,0x42,0x42,0x42,0x7E,0x42,0x42,0x42,0x42,0xE7,0x00,0x00},/*"H",40*/
   94          
   95            {0x00,0x00,0x00,0x3E,0x08,0x08,0x08,0x08,0x08,0x08,0x08,0x08,0x08,0x3E,0x00,0x00},/*"I",41*/
   96          
   97            {0x00,0x00,0x00,0x7C,0x10,0x10,0x10,0x10,0x10,0x10,0x10,0x10,0x10,0x10,0x11,0x0F},/*"J",42*/
   98          
   99            {0x00,0x00,0x00,0x77,0x22,0x12,0x0A,0x0E,0x0A,0x12,0x12,0x22,0x22,0x77,0x00,0x00},/*"K",43*/
  100          
  101            {0x00,0x00,0x00,0x07,0x02,0x02,0x02,0x02,0x02,0x02,0x02,0x02,0x42,0x7F,0x00,0x00},/*"L",44*/
  102          
  103            {0x00,0x00,0x00,0x77,0x36,0x36,0x36,0x36,0x36,0x2A,0x2A,0x2A,0x2A,0x6B,0x00,0x00},/*"M",45*/
  104          
  105            {0x00,0x00,0x00,0xE3,0x46,0x46,0x4A,0x4A,0x52,0x52,0x52,0x62,0x62,0x47,0x00,0x00},/*"N",46*/
  106          
  107            {0x00,0x00,0x00,0x1C,0x22,0x41,0x41,0x41,0x41,0x41,0x41,0x41,0x22,0x1C,0x00,0x00},/*"O",47*/
  108          
  109            {0x00,0x00,0x00,0x3F,0x42,0x42,0x42,0x42,0x3E,0x02,0x02,0x02,0x02,0x07,0x00,0x00},/*"P",48*/
  110          
  111            {0x00,0x00,0x00,0x1C,0x22,0x41,0x41,0x41,0x41,0x41,0x41,0x4D,0x32,0x1C,0x60,0x00},/*"Q",49*/
  112          
  113            {0x00,0x00,0x00,0x3F,0x42,0x42,0x42,0x3E,0x12,0x12,0x22,0x22,0x42,0xC7,0x00,0x00},/*"R",50*/
  114          
  115            {0x00,0x00,0x00,0x7C,0x42,0x42,0x02,0x04,0x18,0x20,0x40,0x42,0x42,0x3E,0x00,0x00},/*"S",51*/
  116          
  117            {0x00,0x00,0x00,0x7F,0x49,0x08,0x08,0x08,0x08,0x08,0x08,0x08,0x08,0x1C,0x00,0x00},/*"T",52*/
  118          
  119            {0x00,0x00,0x00,0xE7,0x42,0x42,0x42,0x42,0x42,0x42,0x42,0x42,0x42,0x3C,0x00,0x00},/*"U",53*/
  120          
  121            {0x00,0x00,0x00,0xE7,0x42,0x42,0x22,0x24,0x24,0x14,0x14,0x18,0x08,0x08,0x00,0x00},/*"V",54*/
  122          
C251 COMPILER V5.60.0,  FONT                                                               08/03/24  19:26:53  PAGE 3   

  123            {0x00,0x00,0x00,0x6B,0x2A,0x2A,0x2A,0x2A,0x2A,0x36,0x14,0x14,0x14,0x14,0x00,0x00},/*"W",55*/
  124          
  125            {0x00,0x00,0x00,0xE7,0x42,0x24,0x24,0x18,0x18,0x18,0x24,0x24,0x42,0xE7,0x00,0x00},/*"X",56*/
  126          
  127            {0x00,0x00,0x00,0x77,0x22,0x22,0x14,0x14,0x08,0x08,0x08,0x08,0x08,0x1C,0x00,0x00},/*"Y",57*/
  128          
  129            {0x00,0x00,0x00,0x7E,0x21,0x20,0x10,0x10,0x08,0x04,0x04,0x42,0x42,0x3F,0x00,0x00},/*"Z",58*/
  130          
  131            {0x00,0x78,0x08,0x08,0x08,0x08,0x08,0x08,0x08,0x08,0x08,0x08,0x08,0x08,0x78,0x00},/*"[",59*/
  132          
  133            {0x00,0x00,0x02,0x04,0x04,0x04,0x08,0x08,0x08,0x10,0x10,0x20,0x20,0x20,0x40,0x40},/*"\",60*/
  134          
  135            {0x00,0x1E,0x10,0x10,0x10,0x10,0x10,0x10,0x10,0x10,0x10,0x10,0x10,0x10,0x1E,0x00},/*"]",61*/
  136          
  137            {0x00,0x18,0x24,0x00,0x00,0x00,0x00,0x00,0x00,0x00,0x00,0x00,0x00,0x00,0x00,0x00},/*"^",62*/
  138          
  139            {0x00,0x00,0x00,0x00,0x00,0x00,0x00,0x00,0x7E,0x00,0x00,0x00,0x00,0x00,0x00,0x00},/*"-",63*/
  140          
  141            {0x00,0x06,0x08,0x00,0x00,0x00,0x00,0x00,0x00,0x00,0x00,0x00,0x00,0x00,0x00,0x00},/*"`",64*/
  142          
  143            {0x00,0x00,0x00,0x00,0x00,0x00,0x00,0x1C,0x22,0x30,0x2C,0x22,0x32,0x6C,0x00,0x00},/*"a",65*/
  144          
  145            {0x00,0x00,0x00,0x00,0x03,0x02,0x02,0x1A,0x26,0x42,0x42,0x42,0x26,0x1A,0x00,0x00},/*"b",66*/
  146          
  147            {0x00,0x00,0x00,0x00,0x00,0x00,0x00,0x38,0x44,0x02,0x02,0x02,0x44,0x38,0x00,0x00},/*"c",67*/
  148          
  149            {0x00,0x00,0x00,0x00,0x60,0x40,0x40,0x7C,0x42,0x42,0x42,0x42,0x62,0xDC,0x00,0x00},/*"d",68*/
  150          
  151            {0x00,0x00,0x00,0x00,0x00,0x00,0x00,0x3C,0x42,0x42,0x7E,0x02,0x42,0x3C,0x00,0x00},/*"e",69*/
  152          
  153            {0x00,0x00,0x00,0x00,0x30,0x48,0x08,0x3E,0x08,0x08,0x08,0x08,0x08,0x3E,0x00,0x00},/*"f",70*/
  154          
  155            {0x00,0x00,0x00,0x00,0x00,0x00,0x00,0x7C,0x22,0x22,0x1C,0x02,0x3C,0x42,0x42,0x3C},/*"g",71*/
  156          
  157            {0x00,0x00,0x00,0x00,0x03,0x02,0x02,0x3A,0x46,0x42,0x42,0x42,0x42,0xE7,0x00,0x00},/*"h",72*/
  158          
  159            {0x00,0x00,0x00,0x0C,0x0C,0x00,0x00,0x0E,0x08,0x08,0x08,0x08,0x08,0x3E,0x00,0x00},/*"i",73*/
  160          
  161            {0x00,0x00,0x00,0x30,0x30,0x00,0x00,0x38,0x20,0x20,0x20,0x20,0x20,0x20,0x22,0x1E},/*"j",74*/
  162          
  163            {0x00,0x00,0x00,0x00,0x03,0x02,0x02,0x72,0x12,0x0A,0x0E,0x12,0x22,0x77,0x00,0x00},/*"k",75*/
  164          
  165            {0x00,0x00,0x00,0x08,0x0E,0x08,0x08,0x08,0x08,0x08,0x08,0x08,0x08,0x3E,0x00,0x00},/*"l",76*/
  166          
  167            {0x00,0x00,0x00,0x00,0x00,0x00,0x00,0x7F,0x92,0x92,0x92,0x92,0x92,0xB7,0x00,0x00},/*"m",77*/
  168          
  169            {0x00,0x00,0x00,0x00,0x00,0x00,0x00,0x3B,0x46,0x42,0x42,0x42,0x42,0xE7,0x00,0x00},/*"n",78*/
  170          
  171            {0x00,0x00,0x00,0x00,0x00,0x00,0x00,0x3C,0x42,0x42,0x42,0x42,0x42,0x3C,0x00,0x00},/*"o",79*/
  172          
  173            {0x00,0x00,0x00,0x00,0x00,0x00,0x00,0x1B,0x26,0x42,0x42,0x42,0x26,0x1A,0x02,0x07},/*"p",80*/
  174          
  175            {0x00,0x00,0x00,0x00,0x00,0x00,0x00,0x58,0x64,0x42,0x42,0x42,0x64,0x58,0x40,0xE0},/*"q",81*/
  176          
  177            {0x00,0x00,0x00,0x00,0x00,0x00,0x00,0x77,0x4C,0x04,0x04,0x04,0x04,0x1F,0x00,0x00},/*"r",82*/
  178          
  179            {0x00,0x00,0x00,0x00,0x00,0x00,0x00,0x7C,0x42,0x02,0x3C,0x40,0x42,0x3E,0x00,0x00},/*"s",83*/
  180          
  181            {0x00,0x00,0x00,0x00,0x00,0x08,0x08,0x3E,0x08,0x08,0x08,0x08,0x48,0x30,0x00,0x00},/*"t",84*/
  182          
  183            {0x00,0x00,0x00,0x00,0x00,0x00,0x00,0x63,0x42,0x42,0x42,0x42,0x62,0xDC,0x00,0x00},/*"u",85*/
  184          
  185            {0x00,0x00,0x00,0x00,0x00,0x00,0x00,0x77,0x22,0x22,0x14,0x14,0x08,0x08,0x00,0x00},/*"v",86*/
  186          
  187            {0x00,0x00,0x00,0x00,0x00,0x00,0x00,0xDB,0x91,0x52,0x5A,0x2A,0x24,0x24,0x00,0x00},/*"w",87*/
  188          
C251 COMPILER V5.60.0,  FONT                                                               08/03/24  19:26:53  PAGE 4   

  189            {0x00,0x00,0x00,0x00,0x00,0x00,0x00,0x6E,0x24,0x18,0x18,0x18,0x24,0x76,0x00,0x00},/*"x",88*/
  190          
  191            {0x00,0x00,0x00,0x00,0x00,0x00,0x00,0xE7,0x42,0x24,0x24,0x18,0x18,0x08,0x08,0x06},/*"y",89*/
  192          
  193            {0x00,0x00,0x00,0x00,0x00,0x00,0x00,0x7E,0x22,0x10,0x08,0x08,0x44,0x7E,0x00,0x00},/*"z",90*/
  194          
  195            {0x00,0xC0,0x20,0x20,0x20,0x20,0x20,0x20,0x10,0x20,0x20,0x20,0x20,0x20,0xC0,0x00},/*"{",91*/
  196          
  197            {0x10,0x10,0x10,0x10,0x10,0x10,0x10,0x10,0x10,0x10,0x10,0x10,0x10,0x10,0x10,0x10},/*"|",92*/
  198          
  199            {0x00,0x03,0x04,0x04,0x04,0x04,0x04,0x04,0x08,0x04,0x04,0x04,0x04,0x04,0x03,0x00},/*"}",93*/
  200          
  201            {0x04,0x5A,0x20,0x00,0x00,0x00,0x00,0x00,0x00,0x00,0x00,0x00,0x00,0x00,0x00,0x00},/*"~",94*/
  202          };
  203          
  204          
  205          
  206          const uint8 code oled_6x8[][6] =
  207          {
  208            { 0x00, 0x00, 0x00, 0x00, 0x00, 0x00 },   // sp
  209            { 0x00, 0x00, 0x00, 0x2f, 0x00, 0x00 },   // !
  210            { 0x00, 0x00, 0x07, 0x00, 0x07, 0x00 },   // "
  211            { 0x00, 0x14, 0x7f, 0x14, 0x7f, 0x14 },   // #
  212            { 0x00, 0x24, 0x2a, 0x7f, 0x2a, 0x12 },   // $
  213            { 0x00, 0x62, 0x64, 0x08, 0x13, 0x23 },   // %
  214            { 0x00, 0x36, 0x49, 0x55, 0x22, 0x50 },   // &
  215            { 0x00, 0x00, 0x05, 0x03, 0x00, 0x00 },   // '
  216            { 0x00, 0x00, 0x1c, 0x22, 0x41, 0x00 },   // (
  217            { 0x00, 0x00, 0x41, 0x22, 0x1c, 0x00 },   // )
  218            { 0x00, 0x14, 0x08, 0x3E, 0x08, 0x14 },   // *
  219            { 0x00, 0x08, 0x08, 0x3E, 0x08, 0x08 },   // +
  220            { 0x00, 0x00, 0x00, 0xA0, 0x60, 0x00 },   // ,
  221            { 0x00, 0x08, 0x08, 0x08, 0x08, 0x08 },   // -
  222            { 0x00, 0x00, 0x60, 0x60, 0x00, 0x00 },   // .
  223            { 0x00, 0x20, 0x10, 0x08, 0x04, 0x02 },   // /
  224            { 0x00, 0x3E, 0x51, 0x49, 0x45, 0x3E },   // 0
  225            { 0x00, 0x00, 0x42, 0x7F, 0x40, 0x00 },   // 1
  226            { 0x00, 0x42, 0x61, 0x51, 0x49, 0x46 },   // 2
  227            { 0x00, 0x21, 0x41, 0x45, 0x4B, 0x31 },   // 3
  228            { 0x00, 0x18, 0x14, 0x12, 0x7F, 0x10 },   // 4
  229            { 0x00, 0x27, 0x45, 0x45, 0x45, 0x39 },   // 5
  230            { 0x00, 0x3C, 0x4A, 0x49, 0x49, 0x30 },   // 6
  231            { 0x00, 0x01, 0x71, 0x09, 0x05, 0x03 },   // 7
  232            { 0x00, 0x36, 0x49, 0x49, 0x49, 0x36 },   // 8
  233            { 0x00, 0x06, 0x49, 0x49, 0x29, 0x1E },   // 9
  234            { 0x00, 0x00, 0x36, 0x36, 0x00, 0x00 },   // :
  235            { 0x00, 0x00, 0x56, 0x36, 0x00, 0x00 },   // ;
  236            { 0x00, 0x08, 0x14, 0x22, 0x41, 0x00 },   // <
  237            { 0x00, 0x14, 0x14, 0x14, 0x14, 0x14 },   // =
  238            { 0x00, 0x00, 0x41, 0x22, 0x14, 0x08 },   // >
  239            { 0x00, 0x02, 0x01, 0x51, 0x09, 0x06 },   // ?
  240            { 0x00, 0x32, 0x49, 0x59, 0x51, 0x3E },   // @
  241            { 0x00, 0x7C, 0x12, 0x11, 0x12, 0x7C },   // A
  242            { 0x00, 0x7F, 0x49, 0x49, 0x49, 0x36 },   // B
  243            { 0x00, 0x3E, 0x41, 0x41, 0x41, 0x22 },   // C
  244            { 0x00, 0x7F, 0x41, 0x41, 0x22, 0x1C },   // D
  245            { 0x00, 0x7F, 0x49, 0x49, 0x49, 0x41 },   // E
  246            { 0x00, 0x7F, 0x09, 0x09, 0x09, 0x01 },   // F
  247            { 0x00, 0x3E, 0x41, 0x49, 0x49, 0x7A },   // G
  248            { 0x00, 0x7F, 0x08, 0x08, 0x08, 0x7F },   // H
  249            { 0x00, 0x00, 0x41, 0x7F, 0x41, 0x00 },   // I
  250            { 0x00, 0x20, 0x40, 0x41, 0x3F, 0x01 },   // J
  251            { 0x00, 0x7F, 0x08, 0x14, 0x22, 0x41 },   // K
  252            { 0x00, 0x7F, 0x40, 0x40, 0x40, 0x40 },   // L
  253            { 0x00, 0x7F, 0x02, 0x0C, 0x02, 0x7F },   // M
  254            { 0x00, 0x7F, 0x04, 0x08, 0x10, 0x7F },   // N
C251 COMPILER V5.60.0,  FONT                                                               08/03/24  19:26:53  PAGE 5   

  255            { 0x00, 0x3E, 0x41, 0x41, 0x41, 0x3E },   // O
  256            { 0x00, 0x7F, 0x09, 0x09, 0x09, 0x06 },   // P
  257            { 0x00, 0x3E, 0x41, 0x51, 0x21, 0x5E },   // Q
  258            { 0x00, 0x7F, 0x09, 0x19, 0x29, 0x46 },   // R
  259            { 0x00, 0x46, 0x49, 0x49, 0x49, 0x31 },   // S
  260            { 0x00, 0x01, 0x01, 0x7F, 0x01, 0x01 },   // T
  261            { 0x00, 0x3F, 0x40, 0x40, 0x40, 0x3F },   // U
  262            { 0x00, 0x1F, 0x20, 0x40, 0x20, 0x1F },   // V
  263            { 0x00, 0x3F, 0x40, 0x38, 0x40, 0x3F },   // W
  264            { 0x00, 0x63, 0x14, 0x08, 0x14, 0x63 },   // X
  265            { 0x00, 0x07, 0x08, 0x70, 0x08, 0x07 },   // Y
  266            { 0x00, 0x61, 0x51, 0x49, 0x45, 0x43 },   // Z
  267            { 0x00, 0x00, 0x7F, 0x41, 0x41, 0x00 },   // [
  268            { 0x00, 0x55, 0x2A, 0x55, 0x2A, 0x55 },   // 55
  269            { 0x00, 0x00, 0x41, 0x41, 0x7F, 0x00 },   // ]
  270            { 0x00, 0x04, 0x02, 0x01, 0x02, 0x04 },   // ^
  271            { 0x00, 0x40, 0x40, 0x40, 0x40, 0x40 },   // _
  272            { 0x00, 0x00, 0x01, 0x02, 0x04, 0x00 },   // '
  273            { 0x00, 0x20, 0x54, 0x54, 0x54, 0x78 },   // a
  274            { 0x00, 0x7F, 0x48, 0x44, 0x44, 0x38 },   // b
  275            { 0x00, 0x38, 0x44, 0x44, 0x44, 0x20 },   // c
  276            { 0x00, 0x38, 0x44, 0x44, 0x48, 0x7F },   // d
  277            { 0x00, 0x38, 0x54, 0x54, 0x54, 0x18 },   // e
  278            { 0x00, 0x08, 0x7E, 0x09, 0x01, 0x02 },   // f
  279            { 0x00, 0x18, 0xA4, 0xA4, 0xA4, 0x7C },   // g
  280            { 0x00, 0x7F, 0x08, 0x04, 0x04, 0x78 },   // h
  281            { 0x00, 0x00, 0x44, 0x7D, 0x40, 0x00 },   // i
  282            { 0x00, 0x40, 0x80, 0x84, 0x7D, 0x00 },   // j
  283            { 0x00, 0x7F, 0x10, 0x28, 0x44, 0x00 },   // k
  284            { 0x00, 0x00, 0x41, 0x7F, 0x40, 0x00 },   // l
  285            { 0x00, 0x7C, 0x04, 0x18, 0x04, 0x78 },   // m
  286            { 0x00, 0x7C, 0x08, 0x04, 0x04, 0x78 },   // n
  287            { 0x00, 0x38, 0x44, 0x44, 0x44, 0x38 },   // o
  288            { 0x00, 0xFC, 0x24, 0x24, 0x24, 0x18 },   // p
  289            { 0x00, 0x18, 0x24, 0x24, 0x18, 0xFC },   // q
  290            { 0x00, 0x7C, 0x08, 0x04, 0x04, 0x08 },   // r
  291            { 0x00, 0x48, 0x54, 0x54, 0x54, 0x20 },   // s
  292            { 0x00, 0x04, 0x3F, 0x44, 0x40, 0x20 },   // t
  293            { 0x00, 0x3C, 0x40, 0x40, 0x20, 0x7C },   // u
  294            { 0x00, 0x1C, 0x20, 0x40, 0x20, 0x1C },   // v
  295            { 0x00, 0x3C, 0x40, 0x30, 0x40, 0x3C },   // w
  296            { 0x00, 0x44, 0x28, 0x10, 0x28, 0x44 },   // x
  297            { 0x00, 0x1C, 0xA0, 0xA0, 0xA0, 0x7C },   // y
  298            { 0x00, 0x44, 0x64, 0x54, 0x4C, 0x44 },   // z
  299            { 0x14, 0x14, 0x14, 0x14, 0x14, 0x14 }    // horiz lines
  300          };
  301          
  302          
  303          
  304          
  305          const uint8 code oled_8x16[]=
  306          {
  307            0x00,0x00,0x00,0x00,0x00,0x00,0x00,0x00,0x00,0x00,0x00,0x00,0x00,0x00,0x00,0x00,//  0
  308            0x00,0x00,0x00,0xF8,0x00,0x00,0x00,0x00,0x00,0x00,0x00,0x33,0x30,0x00,0x00,0x00,//! 1
  309            0x00,0x10,0x0C,0x06,0x10,0x0C,0x06,0x00,0x00,0x00,0x00,0x00,0x00,0x00,0x00,0x00,//" 2
  310            0x40,0xC0,0x78,0x40,0xC0,0x78,0x40,0x00,0x04,0x3F,0x04,0x04,0x3F,0x04,0x04,0x00,//# 3
  311            0x00,0x70,0x88,0xFC,0x08,0x30,0x00,0x00,0x00,0x18,0x20,0xFF,0x21,0x1E,0x00,0x00,//$ 4
  312            0xF0,0x08,0xF0,0x00,0xE0,0x18,0x00,0x00,0x00,0x21,0x1C,0x03,0x1E,0x21,0x1E,0x00,//% 5
  313            0x00,0xF0,0x08,0x88,0x70,0x00,0x00,0x00,0x1E,0x21,0x23,0x24,0x19,0x27,0x21,0x10,//& 6
  314            0x10,0x16,0x0E,0x00,0x00,0x00,0x00,0x00,0x00,0x00,0x00,0x00,0x00,0x00,0x00,0x00,//' 7
  315            0x00,0x00,0x00,0xE0,0x18,0x04,0x02,0x00,0x00,0x00,0x00,0x07,0x18,0x20,0x40,0x00,//( 8
  316            0x00,0x02,0x04,0x18,0xE0,0x00,0x00,0x00,0x00,0x40,0x20,0x18,0x07,0x00,0x00,0x00,//) 9
  317            0x40,0x40,0x80,0xF0,0x80,0x40,0x40,0x00,0x02,0x02,0x01,0x0F,0x01,0x02,0x02,0x00,//* 10
  318            0x00,0x00,0x00,0xF0,0x00,0x00,0x00,0x00,0x01,0x01,0x01,0x1F,0x01,0x01,0x01,0x00,//+ 11
  319            0x00,0x00,0x00,0x00,0x00,0x00,0x00,0x00,0x80,0xB0,0x70,0x00,0x00,0x00,0x00,0x00,//, 12
  320            0x00,0x00,0x00,0x00,0x00,0x00,0x00,0x00,0x00,0x01,0x01,0x01,0x01,0x01,0x01,0x01,//- 13
C251 COMPILER V5.60.0,  FONT                                                               08/03/24  19:26:53  PAGE 6   

  321            0x00,0x00,0x00,0x00,0x00,0x00,0x00,0x00,0x00,0x30,0x30,0x00,0x00,0x00,0x00,0x00,//. 14
  322            0x00,0x00,0x00,0x00,0x80,0x60,0x18,0x04,0x00,0x60,0x18,0x06,0x01,0x00,0x00,0x00,/// 15
  323            0x00,0xE0,0x10,0x08,0x08,0x10,0xE0,0x00,0x00,0x0F,0x10,0x20,0x20,0x10,0x0F,0x00,//0 16
  324            0x00,0x10,0x10,0xF8,0x00,0x00,0x00,0x00,0x00,0x20,0x20,0x3F,0x20,0x20,0x00,0x00,//1 17
  325            0x00,0x70,0x08,0x08,0x08,0x88,0x70,0x00,0x00,0x30,0x28,0x24,0x22,0x21,0x30,0x00,//2 18
  326            0x00,0x30,0x08,0x88,0x88,0x48,0x30,0x00,0x00,0x18,0x20,0x20,0x20,0x11,0x0E,0x00,//3 19
  327            0x00,0x00,0xC0,0x20,0x10,0xF8,0x00,0x00,0x00,0x07,0x04,0x24,0x24,0x3F,0x24,0x00,//4 20
  328            0x00,0xF8,0x08,0x88,0x88,0x08,0x08,0x00,0x00,0x19,0x21,0x20,0x20,0x11,0x0E,0x00,//5 21
  329            0x00,0xE0,0x10,0x88,0x88,0x18,0x00,0x00,0x00,0x0F,0x11,0x20,0x20,0x11,0x0E,0x00,//6 22
  330            0x00,0x38,0x08,0x08,0xC8,0x38,0x08,0x00,0x00,0x00,0x00,0x3F,0x00,0x00,0x00,0x00,//7 23
  331            0x00,0x70,0x88,0x08,0x08,0x88,0x70,0x00,0x00,0x1C,0x22,0x21,0x21,0x22,0x1C,0x00,//8 24
  332            0x00,0xE0,0x10,0x08,0x08,0x10,0xE0,0x00,0x00,0x00,0x31,0x22,0x22,0x11,0x0F,0x00,//9 25
  333            0x00,0x00,0x00,0xC0,0xC0,0x00,0x00,0x00,0x00,0x00,0x00,0x30,0x30,0x00,0x00,0x00,//: 26
  334            0x00,0x00,0x00,0x80,0x00,0x00,0x00,0x00,0x00,0x00,0x80,0x60,0x00,0x00,0x00,0x00,//; 27
  335            0x00,0x00,0x80,0x40,0x20,0x10,0x08,0x00,0x00,0x01,0x02,0x04,0x08,0x10,0x20,0x00,//< 28
  336            0x40,0x40,0x40,0x40,0x40,0x40,0x40,0x00,0x04,0x04,0x04,0x04,0x04,0x04,0x04,0x00,//= 29
  337            0x00,0x08,0x10,0x20,0x40,0x80,0x00,0x00,0x00,0x20,0x10,0x08,0x04,0x02,0x01,0x00,//> 30
  338            0x00,0x70,0x48,0x08,0x08,0x08,0xF0,0x00,0x00,0x00,0x00,0x30,0x36,0x01,0x00,0x00,//? 31
  339            0xC0,0x30,0xC8,0x28,0xE8,0x10,0xE0,0x00,0x07,0x18,0x27,0x24,0x23,0x14,0x0B,0x00,//@ 32
  340            0x00,0x00,0xC0,0x38,0xE0,0x00,0x00,0x00,0x20,0x3C,0x23,0x02,0x02,0x27,0x38,0x20,//A 33
  341            0x08,0xF8,0x88,0x88,0x88,0x70,0x00,0x00,0x20,0x3F,0x20,0x20,0x20,0x11,0x0E,0x00,//B 34
  342            0xC0,0x30,0x08,0x08,0x08,0x08,0x38,0x00,0x07,0x18,0x20,0x20,0x20,0x10,0x08,0x00,//C 35
  343            0x08,0xF8,0x08,0x08,0x08,0x10,0xE0,0x00,0x20,0x3F,0x20,0x20,0x20,0x10,0x0F,0x00,//D 36
  344            0x08,0xF8,0x88,0x88,0xE8,0x08,0x10,0x00,0x20,0x3F,0x20,0x20,0x23,0x20,0x18,0x00,//E 37
  345            0x08,0xF8,0x88,0x88,0xE8,0x08,0x10,0x00,0x20,0x3F,0x20,0x00,0x03,0x00,0x00,0x00,//F 38
  346            0xC0,0x30,0x08,0x08,0x08,0x38,0x00,0x00,0x07,0x18,0x20,0x20,0x22,0x1E,0x02,0x00,//G 39
  347            0x08,0xF8,0x08,0x00,0x00,0x08,0xF8,0x08,0x20,0x3F,0x21,0x01,0x01,0x21,0x3F,0x20,//H 40
  348            0x00,0x08,0x08,0xF8,0x08,0x08,0x00,0x00,0x00,0x20,0x20,0x3F,0x20,0x20,0x00,0x00,//I 41
  349            0x00,0x00,0x08,0x08,0xF8,0x08,0x08,0x00,0xC0,0x80,0x80,0x80,0x7F,0x00,0x00,0x00,//J 42
  350            0x08,0xF8,0x88,0xC0,0x28,0x18,0x08,0x00,0x20,0x3F,0x20,0x01,0x26,0x38,0x20,0x00,//K 43
  351            0x08,0xF8,0x08,0x00,0x00,0x00,0x00,0x00,0x20,0x3F,0x20,0x20,0x20,0x20,0x30,0x00,//L 44
  352            0x08,0xF8,0xF8,0x00,0xF8,0xF8,0x08,0x00,0x20,0x3F,0x00,0x3F,0x00,0x3F,0x20,0x00,//M 45
  353            0x08,0xF8,0x30,0xC0,0x00,0x08,0xF8,0x08,0x20,0x3F,0x20,0x00,0x07,0x18,0x3F,0x00,//N 46
  354            0xE0,0x10,0x08,0x08,0x08,0x10,0xE0,0x00,0x0F,0x10,0x20,0x20,0x20,0x10,0x0F,0x00,//O 47
  355            0x08,0xF8,0x08,0x08,0x08,0x08,0xF0,0x00,0x20,0x3F,0x21,0x01,0x01,0x01,0x00,0x00,//P 48
  356            0xE0,0x10,0x08,0x08,0x08,0x10,0xE0,0x00,0x0F,0x18,0x24,0x24,0x38,0x50,0x4F,0x00,//Q 49
  357            0x08,0xF8,0x88,0x88,0x88,0x88,0x70,0x00,0x20,0x3F,0x20,0x00,0x03,0x0C,0x30,0x20,//R 50
  358            0x00,0x70,0x88,0x08,0x08,0x08,0x38,0x00,0x00,0x38,0x20,0x21,0x21,0x22,0x1C,0x00,//S 51
  359            0x18,0x08,0x08,0xF8,0x08,0x08,0x18,0x00,0x00,0x00,0x20,0x3F,0x20,0x00,0x00,0x00,//T 52
  360            0x08,0xF8,0x08,0x00,0x00,0x08,0xF8,0x08,0x00,0x1F,0x20,0x20,0x20,0x20,0x1F,0x00,//U 53
  361            0x08,0x78,0x88,0x00,0x00,0xC8,0x38,0x08,0x00,0x00,0x07,0x38,0x0E,0x01,0x00,0x00,//V 54
  362            0xF8,0x08,0x00,0xF8,0x00,0x08,0xF8,0x00,0x03,0x3C,0x07,0x00,0x07,0x3C,0x03,0x00,//W 55
  363            0x08,0x18,0x68,0x80,0x80,0x68,0x18,0x08,0x20,0x30,0x2C,0x03,0x03,0x2C,0x30,0x20,//X 56
  364            0x08,0x38,0xC8,0x00,0xC8,0x38,0x08,0x00,0x00,0x00,0x20,0x3F,0x20,0x00,0x00,0x00,//Y 57
  365            0x10,0x08,0x08,0x08,0xC8,0x38,0x08,0x00,0x20,0x38,0x26,0x21,0x20,0x20,0x18,0x00,//Z 58
  366            0x00,0x00,0x00,0xFE,0x02,0x02,0x02,0x00,0x00,0x00,0x00,0x7F,0x40,0x40,0x40,0x00,//[ 59
  367            0x00,0x0C,0x30,0xC0,0x00,0x00,0x00,0x00,0x00,0x00,0x00,0x01,0x06,0x38,0xC0,0x00,//\ 60
  368            0x00,0x02,0x02,0x02,0xFE,0x00,0x00,0x00,0x00,0x40,0x40,0x40,0x7F,0x00,0x00,0x00,//] 61
  369            0x00,0x00,0x04,0x02,0x02,0x02,0x04,0x00,0x00,0x00,0x00,0x00,0x00,0x00,0x00,0x00,//^ 62
  370            0x00,0x00,0x00,0x00,0x00,0x00,0x00,0x00,0x80,0x80,0x80,0x80,0x80,0x80,0x80,0x80,//_ 63
  371            0x00,0x02,0x02,0x04,0x00,0x00,0x00,0x00,0x00,0x00,0x00,0x00,0x00,0x00,0x00,0x00,//` 64
  372            0x00,0x00,0x80,0x80,0x80,0x80,0x00,0x00,0x00,0x19,0x24,0x22,0x22,0x22,0x3F,0x20,//a 65
  373            0x08,0xF8,0x00,0x80,0x80,0x00,0x00,0x00,0x00,0x3F,0x11,0x20,0x20,0x11,0x0E,0x00,//b 66
  374            0x00,0x00,0x00,0x80,0x80,0x80,0x00,0x00,0x00,0x0E,0x11,0x20,0x20,0x20,0x11,0x00,//c 67
  375            0x00,0x00,0x00,0x80,0x80,0x88,0xF8,0x00,0x00,0x0E,0x11,0x20,0x20,0x10,0x3F,0x20,//d 68
  376            0x00,0x00,0x80,0x80,0x80,0x80,0x00,0x00,0x00,0x1F,0x22,0x22,0x22,0x22,0x13,0x00,//e 69
  377            0x00,0x80,0x80,0xF0,0x88,0x88,0x88,0x18,0x00,0x20,0x20,0x3F,0x20,0x20,0x00,0x00,//f 70
  378            0x00,0x00,0x80,0x80,0x80,0x80,0x80,0x00,0x00,0x6B,0x94,0x94,0x94,0x93,0x60,0x00,//g 71
  379            0x08,0xF8,0x00,0x80,0x80,0x80,0x00,0x00,0x20,0x3F,0x21,0x00,0x00,0x20,0x3F,0x20,//h 72
  380            0x00,0x80,0x98,0x98,0x00,0x00,0x00,0x00,0x00,0x20,0x20,0x3F,0x20,0x20,0x00,0x00,//i 73
  381            0x00,0x00,0x00,0x80,0x98,0x98,0x00,0x00,0x00,0xC0,0x80,0x80,0x80,0x7F,0x00,0x00,//j 74
  382            0x08,0xF8,0x00,0x00,0x80,0x80,0x80,0x00,0x20,0x3F,0x24,0x02,0x2D,0x30,0x20,0x00,//k 75
  383            0x00,0x08,0x08,0xF8,0x00,0x00,0x00,0x00,0x00,0x20,0x20,0x3F,0x20,0x20,0x00,0x00,//l 76
  384            0x80,0x80,0x80,0x80,0x80,0x80,0x80,0x00,0x20,0x3F,0x20,0x00,0x3F,0x20,0x00,0x3F,//m 77
  385            0x80,0x80,0x00,0x80,0x80,0x80,0x00,0x00,0x20,0x3F,0x21,0x00,0x00,0x20,0x3F,0x20,//n 78
  386            0x00,0x00,0x80,0x80,0x80,0x80,0x00,0x00,0x00,0x1F,0x20,0x20,0x20,0x20,0x1F,0x00,//o 79
C251 COMPILER V5.60.0,  FONT                                                               08/03/24  19:26:53  PAGE 7   

  387            0x80,0x80,0x00,0x80,0x80,0x00,0x00,0x00,0x80,0xFF,0xA1,0x20,0x20,0x11,0x0E,0x00,//p 80
  388            0x00,0x00,0x00,0x80,0x80,0x80,0x80,0x00,0x00,0x0E,0x11,0x20,0x20,0xA0,0xFF,0x80,//q 81
  389            0x80,0x80,0x80,0x00,0x80,0x80,0x80,0x00,0x20,0x20,0x3F,0x21,0x20,0x00,0x01,0x00,//r 82
  390            0x00,0x00,0x80,0x80,0x80,0x80,0x80,0x00,0x00,0x33,0x24,0x24,0x24,0x24,0x19,0x00,//s 83
  391            0x00,0x80,0x80,0xE0,0x80,0x80,0x00,0x00,0x00,0x00,0x00,0x1F,0x20,0x20,0x00,0x00,//t 84
  392            0x80,0x80,0x00,0x00,0x00,0x80,0x80,0x00,0x00,0x1F,0x20,0x20,0x20,0x10,0x3F,0x20,//u 85
  393            0x80,0x80,0x80,0x00,0x00,0x80,0x80,0x80,0x00,0x01,0x0E,0x30,0x08,0x06,0x01,0x00,//v 86
  394            0x80,0x80,0x00,0x80,0x00,0x80,0x80,0x80,0x0F,0x30,0x0C,0x03,0x0C,0x30,0x0F,0x00,//w 87
  395            0x00,0x80,0x80,0x00,0x80,0x80,0x80,0x00,0x00,0x20,0x31,0x2E,0x0E,0x31,0x20,0x00,//x 88
  396            0x80,0x80,0x80,0x00,0x00,0x80,0x80,0x80,0x80,0x81,0x8E,0x70,0x18,0x06,0x01,0x00,//y 89
  397            0x00,0x80,0x80,0x80,0x80,0x80,0x80,0x00,0x00,0x21,0x30,0x2C,0x22,0x21,0x30,0x00,//z 90
  398            0x00,0x00,0x00,0x00,0x80,0x7C,0x02,0x02,0x00,0x00,0x00,0x00,0x00,0x3F,0x40,0x40,//{ 91
  399            0x00,0x00,0x00,0x00,0xFF,0x00,0x00,0x00,0x00,0x00,0x00,0x00,0xFF,0x00,0x00,0x00,//| 92
  400            0x00,0x02,0x02,0x7C,0x80,0x00,0x00,0x00,0x00,0x40,0x40,0x3F,0x00,0x00,0x00,0x00,//} 93
  401            0x00,0x06,0x01,0x01,0x02,0x02,0x04,0x04,0x00,0x00,0x00,0x00,0x00,0x00,0x00,0x00,//~ 94
  402            
  403          };
  404          
  405          
  406          const uint8 code ascii_font_8x16[][16]=
  407          {
  408              // <阴码> <列行式> <逆向> <8*16>
  409              // <纵向 8bit 为一个数据模型> <横向取模>
  410          
  411              // 字模数据储存格式为：{byte1, byte2,....byte16}
  412          
  413              // 字模数据与像素对应关系
  414              // byte 1      2      3      4      5      6      7      8
  415              // bit  [  0]  [  8]  [ 16]  [ 24]  [ 32]  [ 40]  [ 48]  [ 56]
  416              // bit  [  1]  [  9]  [ 17]  [ 25]  [ 33]  [ 41]  [ 49]  [ 57]
  417              // bit  [  2]  [ 10]  [ 18]  [ 26]  [ 34]  [ 42]  [ 50]  [ 58]
  418              // bit  [  3]  [ 11]  [ 19]  [ 37]  [ 35]  [ 43]  [ 51]  [ 59]
  419              // bit  [  4]  [ 12]  [ 20]  [ 38]  [ 36]  [ 44]  [ 52]  [ 60]
  420              // bit  [  5]  [ 13]  [ 21]  [ 39]  [ 37]  [ 45]  [ 53]  [ 61]
  421              // bit  [  6]  [ 14]  [ 22]  [ 30]  [ 38]  [ 46]  [ 54]  [ 62]
  422              // bit  [  7]  [ 15]  [ 23]  [ 31]  [ 39]  [ 47]  [ 55]  [ 63]
  423          
  424              // byte 9      10     11     12     13     14     15     16
  425              // bit  [ 64]  [ 72]  [ 80]  [ 88]  [ 96]  [104]  [112]  [120]
  426              // bit  [ 65]  [ 73]  [ 81]  [ 89]  [ 97]  [105]  [113]  [121]
  427              // bit  [ 66]  [ 74]  [ 82]  [ 90]  [ 98]  [106]  [114]  [122]
  428              // bit  [ 67]  [ 75]  [ 83]  [ 91]  [ 99]  [107]  [115]  [123]
  429              // bit  [ 68]  [ 76]  [ 84]  [ 92]  [100]  [108]  [116]  [124]
  430              // bit  [ 69]  [ 77]  [ 85]  [ 93]  [101]  [109]  [117]  [125]
  431              // bit  [ 70]  [ 78]  [ 86]  [ 94]  [102]  [110]  [118]  [126]
  432              // bit  [ 71]  [ 79]  [ 87]  [ 95]  [103]  [111]  [119]  [127]
  433          
  434              {0x00,0x00,0x00,0x00,0x00,0x00,0x00,0x00,0x00,0x00,0x00,0x00,0x00,0x00,0x00,0x00},  //   0
  435              {0x00,0x00,0x00,0xF8,0x00,0x00,0x00,0x00,0x00,0x00,0x00,0x33,0x30,0x00,0x00,0x00},  // ! 1
  436              {0x00,0x10,0x0C,0x06,0x10,0x0C,0x06,0x00,0x00,0x00,0x00,0x00,0x00,0x00,0x00,0x00},  // " 2
  437              {0x40,0xC0,0x78,0x40,0xC0,0x78,0x40,0x00,0x04,0x3F,0x04,0x04,0x3F,0x04,0x04,0x00},  // # 3
  438              {0x00,0x70,0x88,0xFC,0x08,0x30,0x00,0x00,0x00,0x18,0x20,0xFF,0x21,0x1E,0x00,0x00},  // $ 4
  439              {0xF0,0x08,0xF0,0x00,0xE0,0x18,0x00,0x00,0x00,0x21,0x1C,0x03,0x1E,0x21,0x1E,0x00},  // % 5
  440              {0x00,0xF0,0x08,0x88,0x70,0x00,0x00,0x00,0x1E,0x21,0x23,0x24,0x19,0x27,0x21,0x10},  // & 6
  441              {0x10,0x16,0x0E,0x00,0x00,0x00,0x00,0x00,0x00,0x00,0x00,0x00,0x00,0x00,0x00,0x00},  // ' 7
  442              {0x00,0x00,0x00,0xE0,0x18,0x04,0x02,0x00,0x00,0x00,0x00,0x07,0x18,0x20,0x40,0x00},  // ( 8
  443              {0x00,0x02,0x04,0x18,0xE0,0x00,0x00,0x00,0x00,0x40,0x20,0x18,0x07,0x00,0x00,0x00},  // ) 9
  444              {0x40,0x40,0x80,0xF0,0x80,0x40,0x40,0x00,0x02,0x02,0x01,0x0F,0x01,0x02,0x02,0x00},  // * 10
  445              {0x00,0x00,0x00,0xF0,0x00,0x00,0x00,0x00,0x01,0x01,0x01,0x1F,0x01,0x01,0x01,0x00},  // + 11
  446              {0x00,0x00,0x00,0x00,0x00,0x00,0x00,0x00,0x80,0xB0,0x70,0x00,0x00,0x00,0x00,0x00},  // , 12
  447              {0x00,0x00,0x00,0x00,0x00,0x00,0x00,0x00,0x00,0x01,0x01,0x01,0x01,0x01,0x01,0x01},  // - 13
  448              {0x00,0x00,0x00,0x00,0x00,0x00,0x00,0x00,0x00,0x30,0x30,0x00,0x00,0x00,0x00,0x00},  // . 14
  449              {0x00,0x00,0x00,0x00,0x80,0x60,0x18,0x04,0x00,0x60,0x18,0x06,0x01,0x00,0x00,0x00},  // / 15
  450              {0x00,0xE0,0x10,0x08,0x08,0x10,0xE0,0x00,0x00,0x0F,0x10,0x20,0x20,0x10,0x0F,0x00},  // 0 16
  451              {0x00,0x10,0x10,0xF8,0x00,0x00,0x00,0x00,0x00,0x20,0x20,0x3F,0x20,0x20,0x00,0x00},  // 1 17
  452              {0x00,0x70,0x08,0x08,0x08,0x88,0x70,0x00,0x00,0x30,0x28,0x24,0x22,0x21,0x30,0x00},  // 2 18
C251 COMPILER V5.60.0,  FONT                                                               08/03/24  19:26:53  PAGE 8   

  453              {0x00,0x30,0x08,0x88,0x88,0x48,0x30,0x00,0x00,0x18,0x20,0x20,0x20,0x11,0x0E,0x00},  // 3 19
  454              {0x00,0x00,0xC0,0x20,0x10,0xF8,0x00,0x00,0x00,0x07,0x04,0x24,0x24,0x3F,0x24,0x00},  // 4 20
  455              {0x00,0xF8,0x08,0x88,0x88,0x08,0x08,0x00,0x00,0x19,0x21,0x20,0x20,0x11,0x0E,0x00},  // 5 21
  456              {0x00,0xE0,0x10,0x88,0x88,0x18,0x00,0x00,0x00,0x0F,0x11,0x20,0x20,0x11,0x0E,0x00},  // 6 22
  457              {0x00,0x38,0x08,0x08,0xC8,0x38,0x08,0x00,0x00,0x00,0x00,0x3F,0x00,0x00,0x00,0x00},  // 7 23
  458              {0x00,0x70,0x88,0x08,0x08,0x88,0x70,0x00,0x00,0x1C,0x22,0x21,0x21,0x22,0x1C,0x00},  // 8 24
  459              {0x00,0xE0,0x10,0x08,0x08,0x10,0xE0,0x00,0x00,0x00,0x31,0x22,0x22,0x11,0x0F,0x00},  // 9 25
  460              {0x00,0x00,0x00,0xC0,0xC0,0x00,0x00,0x00,0x00,0x00,0x00,0x30,0x30,0x00,0x00,0x00},  // : 26
  461              {0x00,0x00,0x00,0x80,0x00,0x00,0x00,0x00,0x00,0x00,0x80,0x60,0x00,0x00,0x00,0x00},  // ; 27
  462              {0x00,0x00,0x80,0x40,0x20,0x10,0x08,0x00,0x00,0x01,0x02,0x04,0x08,0x10,0x20,0x00},  // < 28
  463              {0x40,0x40,0x40,0x40,0x40,0x40,0x40,0x00,0x04,0x04,0x04,0x04,0x04,0x04,0x04,0x00},  // = 29
  464              {0x00,0x08,0x10,0x20,0x40,0x80,0x00,0x00,0x00,0x20,0x10,0x08,0x04,0x02,0x01,0x00},  // > 30
  465              {0x00,0x70,0x48,0x08,0x08,0x08,0xF0,0x00,0x00,0x00,0x00,0x30,0x36,0x01,0x00,0x00},  // ? 31
  466              {0xC0,0x30,0xC8,0x28,0xE8,0x10,0xE0,0x00,0x07,0x18,0x27,0x24,0x23,0x14,0x0B,0x00},  // @ 32
  467              {0x00,0x00,0xC0,0x38,0xE0,0x00,0x00,0x00,0x20,0x3C,0x23,0x02,0x02,0x27,0x38,0x20},  // A 33
  468              {0x08,0xF8,0x88,0x88,0x88,0x70,0x00,0x00,0x20,0x3F,0x20,0x20,0x20,0x11,0x0E,0x00},  // B 34
  469              {0xC0,0x30,0x08,0x08,0x08,0x08,0x38,0x00,0x07,0x18,0x20,0x20,0x20,0x10,0x08,0x00},  // C 35
  470              {0x08,0xF8,0x08,0x08,0x08,0x10,0xE0,0x00,0x20,0x3F,0x20,0x20,0x20,0x10,0x0F,0x00},  // D 36
  471              {0x08,0xF8,0x88,0x88,0xE8,0x08,0x10,0x00,0x20,0x3F,0x20,0x20,0x23,0x20,0x18,0x00},  // E 37
  472              {0x08,0xF8,0x88,0x88,0xE8,0x08,0x10,0x00,0x20,0x3F,0x20,0x00,0x03,0x00,0x00,0x00},  // F 38
  473              {0xC0,0x30,0x08,0x08,0x08,0x38,0x00,0x00,0x07,0x18,0x20,0x20,0x22,0x1E,0x02,0x00},  // G 39
  474              {0x08,0xF8,0x08,0x00,0x00,0x08,0xF8,0x08,0x20,0x3F,0x21,0x01,0x01,0x21,0x3F,0x20},  // H 40
  475              {0x00,0x08,0x08,0xF8,0x08,0x08,0x00,0x00,0x00,0x20,0x20,0x3F,0x20,0x20,0x00,0x00},  // I 41
  476              {0x00,0x00,0x08,0x08,0xF8,0x08,0x08,0x00,0xC0,0x80,0x80,0x80,0x7F,0x00,0x00,0x00},  // J 42
  477              {0x08,0xF8,0x88,0xC0,0x28,0x18,0x08,0x00,0x20,0x3F,0x20,0x01,0x26,0x38,0x20,0x00},  // K 43
  478              {0x08,0xF8,0x08,0x00,0x00,0x00,0x00,0x00,0x20,0x3F,0x20,0x20,0x20,0x20,0x30,0x00},  // L 44
  479              {0x08,0xF8,0xF8,0x00,0xF8,0xF8,0x08,0x00,0x20,0x3F,0x00,0x3F,0x00,0x3F,0x20,0x00},  // M 45
  480              {0x08,0xF8,0x30,0xC0,0x00,0x08,0xF8,0x08,0x20,0x3F,0x20,0x00,0x07,0x18,0x3F,0x00},  // N 46
  481              {0xE0,0x10,0x08,0x08,0x08,0x10,0xE0,0x00,0x0F,0x10,0x20,0x20,0x20,0x10,0x0F,0x00},  // O 47
  482              {0x08,0xF8,0x08,0x08,0x08,0x08,0xF0,0x00,0x20,0x3F,0x21,0x01,0x01,0x01,0x00,0x00},  // P 48
  483              {0xE0,0x10,0x08,0x08,0x08,0x10,0xE0,0x00,0x0F,0x18,0x24,0x24,0x38,0x50,0x4F,0x00},  // Q 49
  484              {0x08,0xF8,0x88,0x88,0x88,0x88,0x70,0x00,0x20,0x3F,0x20,0x00,0x03,0x0C,0x30,0x20},  // R 50
  485              {0x00,0x70,0x88,0x08,0x08,0x08,0x38,0x00,0x00,0x38,0x20,0x21,0x21,0x22,0x1C,0x00},  // S 51
  486              {0x18,0x08,0x08,0xF8,0x08,0x08,0x18,0x00,0x00,0x00,0x20,0x3F,0x20,0x00,0x00,0x00},  // T 52
  487              {0x08,0xF8,0x08,0x00,0x00,0x08,0xF8,0x08,0x00,0x1F,0x20,0x20,0x20,0x20,0x1F,0x00},  // U 53
  488              {0x08,0x78,0x88,0x00,0x00,0xC8,0x38,0x08,0x00,0x00,0x07,0x38,0x0E,0x01,0x00,0x00},  // V 54
  489              {0xF8,0x08,0x00,0xF8,0x00,0x08,0xF8,0x00,0x03,0x3C,0x07,0x00,0x07,0x3C,0x03,0x00},  // W 55
  490              {0x08,0x18,0x68,0x80,0x80,0x68,0x18,0x08,0x20,0x30,0x2C,0x03,0x03,0x2C,0x30,0x20},  // X 56
  491              {0x08,0x38,0xC8,0x00,0xC8,0x38,0x08,0x00,0x00,0x00,0x20,0x3F,0x20,0x00,0x00,0x00},  // Y 57
  492              {0x10,0x08,0x08,0x08,0xC8,0x38,0x08,0x00,0x20,0x38,0x26,0x21,0x20,0x20,0x18,0x00},  // Z 58
  493              {0x00,0x00,0x00,0xFE,0x02,0x02,0x02,0x00,0x00,0x00,0x00,0x7F,0x40,0x40,0x40,0x00},  // [ 59
  494              {0x00,0x0C,0x30,0xC0,0x00,0x00,0x00,0x00,0x00,0x00,0x00,0x01,0x06,0x38,0xC0,0x00},  // \ 60
  495              {0x00,0x02,0x02,0x02,0xFE,0x00,0x00,0x00,0x00,0x40,0x40,0x40,0x7F,0x00,0x00,0x00},  // ] 61
  496              {0x00,0x00,0x04,0x02,0x02,0x02,0x04,0x00,0x00,0x00,0x00,0x00,0x00,0x00,0x00,0x00},  // ^ 62
  497              {0x00,0x00,0x00,0x00,0x00,0x00,0x00,0x00,0x80,0x80,0x80,0x80,0x80,0x80,0x80,0x80},  // _ 63
  498              {0x00,0x02,0x02,0x04,0x00,0x00,0x00,0x00,0x00,0x00,0x00,0x00,0x00,0x00,0x00,0x00},  // ` 64
  499              {0x00,0x00,0x80,0x80,0x80,0x80,0x00,0x00,0x00,0x19,0x24,0x22,0x22,0x22,0x3F,0x20},  // a 65
  500              {0x08,0xF8,0x00,0x80,0x80,0x00,0x00,0x00,0x00,0x3F,0x11,0x20,0x20,0x11,0x0E,0x00},  // b 66
  501              {0x00,0x00,0x00,0x80,0x80,0x80,0x00,0x00,0x00,0x0E,0x11,0x20,0x20,0x20,0x11,0x00},  // c 67
  502              {0x00,0x00,0x00,0x80,0x80,0x88,0xF8,0x00,0x00,0x0E,0x11,0x20,0x20,0x10,0x3F,0x20},  // d 68
  503              {0x00,0x00,0x80,0x80,0x80,0x80,0x00,0x00,0x00,0x1F,0x22,0x22,0x22,0x22,0x13,0x00},  // e 69
  504              {0x00,0x80,0x80,0xF0,0x88,0x88,0x88,0x18,0x00,0x20,0x20,0x3F,0x20,0x20,0x00,0x00},  // f 70
  505              {0x00,0x00,0x80,0x80,0x80,0x80,0x80,0x00,0x00,0x6B,0x94,0x94,0x94,0x93,0x60,0x00},  // g 71
  506              {0x08,0xF8,0x00,0x80,0x80,0x80,0x00,0x00,0x20,0x3F,0x21,0x00,0x00,0x20,0x3F,0x20},  // h 72
  507              {0x00,0x80,0x98,0x98,0x00,0x00,0x00,0x00,0x00,0x20,0x20,0x3F,0x20,0x20,0x00,0x00},  // i 73
  508              {0x00,0x00,0x00,0x80,0x98,0x98,0x00,0x00,0x00,0xC0,0x80,0x80,0x80,0x7F,0x00,0x00},  // j 74
  509              {0x08,0xF8,0x00,0x00,0x80,0x80,0x80,0x00,0x20,0x3F,0x24,0x02,0x2D,0x30,0x20,0x00},  // k 75
  510              {0x00,0x08,0x08,0xF8,0x00,0x00,0x00,0x00,0x00,0x20,0x20,0x3F,0x20,0x20,0x00,0x00},  // l 76
  511              {0x80,0x80,0x80,0x80,0x80,0x80,0x80,0x00,0x20,0x3F,0x20,0x00,0x3F,0x20,0x00,0x3F},  // m 77
  512              {0x80,0x80,0x00,0x80,0x80,0x80,0x00,0x00,0x20,0x3F,0x21,0x00,0x00,0x20,0x3F,0x20},  // n 78
  513              {0x00,0x00,0x80,0x80,0x80,0x80,0x00,0x00,0x00,0x1F,0x20,0x20,0x20,0x20,0x1F,0x00},  // o 79
  514              {0x80,0x80,0x00,0x80,0x80,0x00,0x00,0x00,0x80,0xFF,0xA1,0x20,0x20,0x11,0x0E,0x00},  // p 80
  515              {0x00,0x00,0x00,0x80,0x80,0x80,0x80,0x00,0x00,0x0E,0x11,0x20,0x20,0xA0,0xFF,0x80},  // q 81
  516              {0x80,0x80,0x80,0x00,0x80,0x80,0x80,0x00,0x20,0x20,0x3F,0x21,0x20,0x00,0x01,0x00},  // r 82
  517              {0x00,0x00,0x80,0x80,0x80,0x80,0x80,0x00,0x00,0x33,0x24,0x24,0x24,0x24,0x19,0x00},  // s 83
  518              {0x00,0x80,0x80,0xE0,0x80,0x80,0x00,0x00,0x00,0x00,0x00,0x1F,0x20,0x20,0x00,0x00},  // t 84
C251 COMPILER V5.60.0,  FONT                                                               08/03/24  19:26:53  PAGE 9   

  519              {0x80,0x80,0x00,0x00,0x00,0x80,0x80,0x00,0x00,0x1F,0x20,0x20,0x20,0x10,0x3F,0x20},  // u 85
  520              {0x80,0x80,0x80,0x00,0x00,0x80,0x80,0x80,0x00,0x01,0x0E,0x30,0x08,0x06,0x01,0x00},  // v 86
  521              {0x80,0x80,0x00,0x80,0x00,0x80,0x80,0x80,0x0F,0x30,0x0C,0x03,0x0C,0x30,0x0F,0x00},  // w 87
  522              {0x00,0x80,0x80,0x00,0x80,0x80,0x80,0x00,0x00,0x20,0x31,0x2E,0x0E,0x31,0x20,0x00},  // x 88
  523              {0x80,0x80,0x80,0x00,0x00,0x80,0x80,0x80,0x80,0x81,0x8E,0x70,0x18,0x06,0x01,0x00},  // y 89
  524              {0x00,0x80,0x80,0x80,0x80,0x80,0x80,0x00,0x00,0x21,0x30,0x2C,0x22,0x21,0x30,0x00},  // z 90
  525              {0x00,0x00,0x00,0x00,0x80,0x7C,0x02,0x02,0x00,0x00,0x00,0x00,0x00,0x3F,0x40,0x40},  // { 91
  526              {0x00,0x00,0x00,0x00,0xFF,0x00,0x00,0x00,0x00,0x00,0x00,0x00,0xFF,0x00,0x00,0x00},  // | 92
  527              {0x00,0x02,0x02,0x7C,0x80,0x00,0x00,0x00,0x00,0x40,0x40,0x3F,0x00,0x00,0x00,0x00},  // } 93
  528              {0x00,0x06,0x01,0x01,0x02,0x02,0x04,0x04,0x00,0x00,0x00,0x00,0x00,0x00,0x00,0x00}   // ~ 94
  529          };
  530          
  531          const uint8 code ascii_font_6x8[][6] =
  532          {
  533              // <阴码> <列行式> <逆向> <6*8>
  534              // <纵向 8bit 为一个数据模型> <横向取模>
  535          
  536              // 字模数据储存格式为：{byte1, byte2,....byte6}
  537          
  538              // 字模数据与像素对应关系
  539              // byte 1      2      3      4      5      6
  540              // bit  [  0]  [  8]  [ 16]  [ 24]  [ 32]  [ 40]
  541              // bit  [  1]  [  9]  [ 17]  [ 25]  [ 33]  [ 41]
  542              // bit  [  2]  [ 10]  [ 18]  [ 26]  [ 34]  [ 42]
  543              // bit  [  3]  [ 11]  [ 19]  [ 37]  [ 35]  [ 43]
  544              // bit  [  4]  [ 12]  [ 20]  [ 38]  [ 36]  [ 44]
  545              // bit  [  5]  [ 13]  [ 21]  [ 39]  [ 37]  [ 45]
  546              // bit  [  6]  [ 14]  [ 22]  [ 30]  [ 38]  [ 46]
  547              // bit  [  7]  [ 15]  [ 23]  [ 31]  [ 39]  [ 47]
  548          
  549          
  550              { 0x00, 0x00, 0x00, 0x00, 0x00, 0x00 },     //    0
  551              { 0x00, 0x00, 0x00, 0x2f, 0x00, 0x00 },     // !  1
  552              { 0x00, 0x00, 0x07, 0x00, 0x07, 0x00 },     // "  2
  553              { 0x00, 0x14, 0x7f, 0x14, 0x7f, 0x14 },     // #  3
  554              { 0x00, 0x24, 0x2a, 0x7f, 0x2a, 0x12 },     // $  4
  555              { 0x00, 0x62, 0x64, 0x08, 0x13, 0x23 },     // %  5
  556              { 0x00, 0x36, 0x49, 0x55, 0x22, 0x50 },     // &  6
  557              { 0x00, 0x00, 0x05, 0x03, 0x00, 0x00 },     // '  7
  558              { 0x00, 0x00, 0x1c, 0x22, 0x41, 0x00 },     // (  8
  559              { 0x00, 0x00, 0x41, 0x22, 0x1c, 0x00 },     // )  9
  560              { 0x00, 0x14, 0x08, 0x3E, 0x08, 0x14 },     // * 10
  561              { 0x00, 0x08, 0x08, 0x3E, 0x08, 0x08 },     // + 11
  562              { 0x00, 0x00, 0x00, 0xA0, 0x60, 0x00 },     // , 12
  563              { 0x00, 0x08, 0x08, 0x08, 0x08, 0x08 },     // - 13
  564              { 0x00, 0x00, 0x60, 0x60, 0x00, 0x00 },     // . 14
  565              { 0x40, 0x20, 0x10, 0x08, 0x04, 0x02 },     // / 15
  566              { 0x00, 0x3E, 0x51, 0x49, 0x45, 0x3E },     // 0 16
  567              { 0x00, 0x00, 0x42, 0x7F, 0x40, 0x00 },     // 1 17
  568              { 0x00, 0x42, 0x61, 0x51, 0x49, 0x46 },     // 2 18
  569              { 0x00, 0x21, 0x41, 0x45, 0x4B, 0x31 },     // 3 19
  570              { 0x00, 0x18, 0x14, 0x12, 0x7F, 0x10 },     // 4 20
  571              { 0x00, 0x27, 0x45, 0x45, 0x45, 0x39 },     // 5 21
  572              { 0x00, 0x3C, 0x4A, 0x49, 0x49, 0x30 },     // 6 22
  573              { 0x00, 0x01, 0x71, 0x09, 0x05, 0x03 },     // 7 23
  574              { 0x00, 0x36, 0x49, 0x49, 0x49, 0x36 },     // 8 24
  575              { 0x00, 0x06, 0x49, 0x49, 0x29, 0x1E },     // 9 25
  576              { 0x00, 0x00, 0x36, 0x36, 0x00, 0x00 },     // : 26
  577              { 0x00, 0x00, 0x56, 0x36, 0x00, 0x00 },     // ; 27
  578              { 0x00, 0x08, 0x14, 0x22, 0x41, 0x00 },     // < 28
  579              { 0x00, 0x14, 0x14, 0x14, 0x14, 0x14 },     // = 29
  580              { 0x00, 0x00, 0x41, 0x22, 0x14, 0x08 },     // > 30
  581              { 0x00, 0x02, 0x01, 0x51, 0x09, 0x06 },     // ? 31
  582              { 0x00, 0x32, 0x49, 0x59, 0x51, 0x3E },     // @ 32
  583              { 0x00, 0x7C, 0x12, 0x11, 0x12, 0x7C },     // A 33
  584              { 0x00, 0x7F, 0x49, 0x49, 0x49, 0x36 },     // B 34
C251 COMPILER V5.60.0,  FONT                                                               08/03/24  19:26:53  PAGE 10  

  585              { 0x00, 0x3E, 0x41, 0x41, 0x41, 0x22 },     // C 35
  586              { 0x00, 0x7F, 0x41, 0x41, 0x22, 0x1C },     // D 36
  587              { 0x00, 0x7F, 0x49, 0x49, 0x49, 0x41 },     // E 37
  588              { 0x00, 0x7F, 0x09, 0x09, 0x09, 0x01 },     // F 38
  589              { 0x00, 0x3E, 0x41, 0x49, 0x49, 0x7A },     // G 39
  590              { 0x00, 0x7F, 0x08, 0x08, 0x08, 0x7F },     // H 40
  591              { 0x00, 0x00, 0x41, 0x7F, 0x41, 0x00 },     // I 41
  592              { 0x00, 0x20, 0x40, 0x41, 0x3F, 0x01 },     // J 42
  593              { 0x00, 0x7F, 0x08, 0x14, 0x22, 0x41 },     // K 43
  594              { 0x00, 0x7F, 0x40, 0x40, 0x40, 0x40 },     // L 44
  595              { 0x00, 0x7F, 0x02, 0x0C, 0x02, 0x7F },     // M 45
  596              { 0x00, 0x7F, 0x04, 0x08, 0x10, 0x7F },     // N 46
  597              { 0x00, 0x3E, 0x41, 0x41, 0x41, 0x3E },     // O 47
  598              { 0x00, 0x7F, 0x09, 0x09, 0x09, 0x06 },     // P 48
  599              { 0x00, 0x3E, 0x41, 0x51, 0x21, 0x5E },     // Q 49
  600              { 0x00, 0x7F, 0x09, 0x19, 0x29, 0x46 },     // R 50
  601              { 0x00, 0x46, 0x49, 0x49, 0x49, 0x31 },     // S 51
  602              { 0x00, 0x01, 0x01, 0x7F, 0x01, 0x01 },     // T 52
  603              { 0x00, 0x3F, 0x40, 0x40, 0x40, 0x3F },     // U 53
  604              { 0x00, 0x1F, 0x20, 0x40, 0x20, 0x1F },     // V 54
  605              { 0x00, 0x3F, 0x40, 0x38, 0x40, 0x3F },     // W 55
  606              { 0x00, 0x63, 0x14, 0x08, 0x14, 0x63 },     // X 56
  607              { 0x00, 0x07, 0x08, 0x70, 0x08, 0x07 },     // Y 57
  608              { 0x00, 0x61, 0x51, 0x49, 0x45, 0x43 },     // Z 58
  609              { 0x00, 0x00, 0x7F, 0x41, 0x41, 0x00 },     // [ 59
  610              { 0x02, 0x04, 0x08, 0x10, 0x20, 0x40 },     // \ 60
  611              { 0x00, 0x00, 0x41, 0x41, 0x7F, 0x00 },     // ] 61
  612              { 0x00, 0x04, 0x02, 0x01, 0x02, 0x04 },     // ^ 62
  613              { 0x00, 0x40, 0x40, 0x40, 0x40, 0x40 },     // _ 63
  614              { 0x00, 0x00, 0x01, 0x02, 0x04, 0x00 },     // ` 64
  615              { 0x00, 0x20, 0x54, 0x54, 0x54, 0x78 },     // a 65
  616              { 0x00, 0x7F, 0x48, 0x44, 0x44, 0x38 },     // b 66
  617              { 0x00, 0x38, 0x44, 0x44, 0x44, 0x20 },     // c 67
  618              { 0x00, 0x38, 0x44, 0x44, 0x48, 0x7F },     // d 68
  619              { 0x00, 0x38, 0x54, 0x54, 0x54, 0x18 },     // e 69
  620              { 0x00, 0x08, 0x7E, 0x09, 0x01, 0x02 },     // f 70
  621              { 0x00, 0x18, 0xA4, 0xA4, 0xA4, 0x7C },     // g 71
  622              { 0x00, 0x7F, 0x08, 0x04, 0x04, 0x78 },     // h 72
  623              { 0x00, 0x00, 0x44, 0x7D, 0x40, 0x00 },     // i 73
  624              { 0x00, 0x40, 0x80, 0x84, 0x7D, 0x00 },     // j 74
  625              { 0x00, 0x7F, 0x10, 0x28, 0x44, 0x00 },     // k 75
  626              { 0x00, 0x00, 0x41, 0x7F, 0x40, 0x00 },     // l 76
  627              { 0x00, 0x7C, 0x04, 0x18, 0x04, 0x78 },     // m 77
  628              { 0x00, 0x7C, 0x08, 0x04, 0x04, 0x78 },     // n 78
  629              { 0x00, 0x38, 0x44, 0x44, 0x44, 0x38 },     // o 79
  630              { 0x00, 0xFC, 0x24, 0x24, 0x24, 0x18 },     // p 80
  631              { 0x00, 0x18, 0x24, 0x24, 0x18, 0xFC },     // q 81
  632              { 0x00, 0x7C, 0x08, 0x04, 0x04, 0x08 },     // r 82
  633              { 0x00, 0x48, 0x54, 0x54, 0x54, 0x20 },     // s 83
  634              { 0x00, 0x04, 0x3F, 0x44, 0x40, 0x20 },     // t 84
  635              { 0x00, 0x3C, 0x40, 0x40, 0x20, 0x7C },     // u 85
  636              { 0x00, 0x1C, 0x20, 0x40, 0x20, 0x1C },     // v 86
  637              { 0x00, 0x3C, 0x40, 0x30, 0x40, 0x3C },     // w 87
  638              { 0x00, 0x44, 0x28, 0x10, 0x28, 0x44 },     // x 88
  639              { 0x00, 0x1C, 0xA0, 0xA0, 0xA0, 0x7C },     // y 89
  640              { 0x00, 0x44, 0x64, 0x54, 0x4C, 0x44 },     // z 90
  641              { 0x14, 0x14, 0x14, 0x14, 0x14, 0x14 }      // horiz lines
  642          };


Module Information          Static   Overlayable
------------------------------------------------
  code size            =      5664     ------
  ecode size           =    ------     ------
  data size            =    ------     ------
  idata size           =    ------     ------
  pdata size           =    ------     ------
C251 COMPILER V5.60.0,  FONT                                                               08/03/24  19:26:53  PAGE 11  

  xdata size           =    ------     ------
  xdata-const size     =    ------     ------
  edata size           =    ------     ------
  bit size             =    ------     ------
  ebit size            =    ------     ------
  bitaddressable size  =    ------     ------
  ebitaddressable size =    ------     ------
  far data size        =    ------     ------
  huge data size       =    ------     ------
  const size           =    ------     ------
  hconst size          =    ------     ------
End of Module Information.


C251 COMPILATION COMPLETE.  0 WARNING(S),  0 ERROR(S)
