C251 COMPILER V5.60.0,  IMU963RA                                                           08/03/24  19:26:53  PAGE 1   


C251 COMPILER V5.60.0, COMPILATION OF MODULE IMU963RA
OBJECT MODULE PLACED IN .\Out_flie\IMU963RA.obj
COMPILER INVOKED BY: D:\Keil_80251\C251\BIN\C251.EXE ..\LIB\peripheral\IMU963RA.c XSMALL INTR2 BROWSE INCDIR(..\LIB\star
                    -tup;..\LIB\libraries;..\LIB\peripheral;..\USER\inc) DEBUG PRINT(.\Listings\IMU963RA.lst) TABS(2) OBJECT(.\Out_flie\IMU96
                    -3RA.obj) 

stmt  level    source

    1          
    2          /********************************************************************************************************
             -*************
    3           * @file          å§¿æ€ä¼ æ„Ÿå™¨IMU963RA
    4           * @date          2023-03-06
    5           * @note    
    6           * æ¥çº¿å®šä¹‰ï¼š
    7           *                   ------------------------------------
    8           *                   æ¨¡å—ç®¡è„š            å•ç‰‡æœºç®¡è„š
    9           *                   // ç¡¬ä»¶ SPI å¼•è„š
   10           *                   SCL/SPC             æŸ¥çœ‹ IMU963RA.h ä¸­ IMU963RA_SPC_PIN å®å®šä¹‰
   11           *                   SDA/DSI             æŸ¥çœ‹ IMU963RA.h ä¸­ IMU963RA_SDI_PIN å®å®šä¹‰
   12           *                   SA0/SDO             æŸ¥çœ‹ IMU963RA.h ä¸­ IMU963RA_SDO_PIN å®å®šä¹‰
   13           *                   CS                  æŸ¥çœ‹ IMU963RA.h ä¸­ IMU963RA_CS_PIN  å®å®šä¹‰
   14           *                   VCC                 3.3Vç”µæº
   15           *                   GND                 ç”µæºåœ°
   16           *                   å…¶ä½™å¼•è„šæ‚¬ç©º
   17           *
   18           *                   // è½¯ä»¶ IIC å¼•è„š
   19           *                   SCL/SPC             æŸ¥çœ‹ IMU963RA.h ä¸­ IMU963RA_SCL_PIN å®å®šä¹‰
   20           *                   SDA/DSI             æŸ¥çœ‹ IMU963RA.h ä¸­ IMU963RA_SDA_PIN å®å®šä¹‰
   21           *                   VCC                 3.3Vç”µæº
   22           *                   GND                 ç”µæºåœ°
   23           *                   å…¶ä½™å¼•è„šæ‚¬ç©º
   24           *                   ------------------------------------
   25          *********************************************************************************************************
             -***********/
   26          
   27          
   28          #include "IMU963RA.h"
   29          
   30          #include "delay.h"
   31          #include "spi.h"
   32          
   33          
   34          #pragma warning disable = 177
   35          #pragma warning disable = 183
   36          
   37          
   38          int16 imu963ra_gyro_x = 0, imu963ra_gyro_y = 0, imu963ra_gyro_z = 0;
   39          int16 imu963ra_acc_x = 0,  imu963ra_acc_y = 0,  imu963ra_acc_z = 0;
   40          int16 imu963ra_mag_x = 0,  imu963ra_mag_y = 0,  imu963ra_mag_z = 0;
   41          
   42          #if IMU963RA_USE_SOFT_IIC
               
               
               #define GET_IMU963RA_SDA        IMU963RA_SDA_PIN
               #define IMU963RA_SDA_LOW()          IMU963RA_SDA_PIN = 0    //IOå£è¾“å‡ºä½ç”µå¹³
               #define IMU963RA_SDA_HIGH()         IMU963RA_SDA_PIN = 1    //IOå£è¾“å‡ºé«˜ç”µå¹³
               
               #define IMU963RA_SCL_LOW()          IMU963RA_SCL_PIN = 0    //IOå£è¾“å‡ºä½ç”µå¹³
               #define IMU963RA_SCL_HIGH()         IMU963RA_SCL_PIN = 1    //IOå£è¾“å‡ºé«˜ç”µå¹³
               
               #define ack 1      //ä¸»åº”ç­”
               #define no_ack 0   //ä»åº”ç­”  
               
               //-------------------------------------------------------------------------------------------------------
C251 COMPILER V5.60.0,  IMU963RA                                                           08/03/24  19:26:53  PAGE 2   

             -------------
               //  @brief      æ¨¡æ‹ŸIICå»¶æ—¶
               //  @return     void            
               //  Sample usage:       å¦‚æœIICé€šè®¯å¤±è´¥å¯ä»¥å°è¯•å¢åŠ jçš„å€¼
               //-------------------------------------------------------------------------------------------------------
             -------------
               static void imu963ra_simiic_delay(void)
               {
                 uint16 j=IMU963RA_SOFT_IIC_DELAY;   
                 while(j--);
               }
               
               //å†…éƒ¨ä½¿ç”¨ï¼Œç”¨æˆ·æ— éœ€è°ƒç”¨
               static void imu963ra_simiic_start(void)
               {
                   IMU963RA_SDA_HIGH();
                   IMU963RA_SCL_HIGH();
                   imu963ra_simiic_delay();
                   IMU963RA_SDA_LOW();
                   imu963ra_simiic_delay();
                   IMU963RA_SCL_LOW();
               }
               
               //å†…éƒ¨ä½¿ç”¨ï¼Œç”¨æˆ·æ— éœ€è°ƒç”¨
               static void imu963ra_simiic_stop(void)
               {
                   IMU963RA_SDA_LOW();
                   IMU963RA_SCL_LOW();
                   imu963ra_simiic_delay();
                   IMU963RA_SCL_HIGH();
                   imu963ra_simiic_delay();
                   IMU963RA_SDA_HIGH();
                   imu963ra_simiic_delay();
               }
               
               //ä¸»åº”ç­”(åŒ…å«ack:SDA=0å’Œno_ack:SDA=0)
               //å†…éƒ¨ä½¿ç”¨ï¼Œç”¨æˆ·æ— éœ€è°ƒç”¨
               static void imu963ra_simiic_sendack(unsigned char ack_dat)
               {
                   IMU963RA_SCL_LOW();
                   imu963ra_simiic_delay();
                   if(ack_dat) IMU963RA_SDA_LOW();
                   else      IMU963RA_SDA_HIGH();
               
                   IMU963RA_SCL_HIGH();
                   imu963ra_simiic_delay();
                   IMU963RA_SCL_LOW();
                   imu963ra_simiic_delay();
               }
               
               static int imu963ra_sccb_waitack(void)
               {
                   IMU963RA_SCL_LOW();
               
                   imu963ra_simiic_delay();
                 
                   IMU963RA_SCL_HIGH();
                   imu963ra_simiic_delay();
                 
                   if(GET_IMU963RA_SDA)           //åº”ç­”ä¸ºé«˜ç”µå¹³ï¼Œå¼‚å¸¸ï¼Œé€šä¿¡å¤±è´¥
                   {
                       IMU963RA_SCL_LOW();
                       return 0;
                   }
               
                   IMU963RA_SCL_LOW();
C251 COMPILER V5.60.0,  IMU963RA                                                           08/03/24  19:26:53  PAGE 3   

                   imu963ra_simiic_delay();
                   return 1;
               }
               
               //å­—èŠ‚å‘é€ç¨‹åº
               //å‘é€c(å¯ä»¥æ˜¯æ•°æ®ä¹Ÿå¯æ˜¯åœ°å€)ï¼Œé€å®Œåæ¥æ”¶ä»åº”ç­”
               //ä¸è€ƒè™‘ä»åº”ç­”ä½
               //å†…éƒ¨ä½¿ç”¨ï¼Œç”¨æˆ·æ— éœ€è°ƒç”¨
               static void imu963ra_send_ch(uint8 c)
               {
                   uint8 i = 8;
                   while(i--)
                   {
                       if(c & 0x80)  IMU963RA_SDA_HIGH();//SDA è¾“å‡ºæ•°æ®
                       else      IMU963RA_SDA_LOW();
                       c <<= 1;
                       imu963ra_simiic_delay();
                       IMU963RA_SCL_HIGH();                //SCL æ‹‰é«˜ï¼Œé‡‡é›†ä¿¡å·
                       imu963ra_simiic_delay();
                       IMU963RA_SCL_LOW();                //SCL æ—¶é’Ÿçº¿æ‹‰ä½
                   }
                     imu963ra_sccb_waitack();
               }
               
               //å­—èŠ‚æ¥æ”¶ç¨‹åº
               //æ¥æ”¶å™¨ä»¶ä¼ æ¥çš„æ•°æ®ï¼Œæ­¤ç¨‹åºåº”é…åˆ|ä¸»åº”ç­”å‡½æ•°|ä½¿ç”¨
               //å†…éƒ¨ä½¿ç”¨ï¼Œç”¨æˆ·æ— éœ€è°ƒç”¨
               static uint8 imu963ra_read_ch(uint8 ack_x)
               {
                   uint8 i;
                   uint8 c;
                   c=0;
                   IMU963RA_SCL_LOW();
                   imu963ra_simiic_delay();
                   IMU963RA_SDA_HIGH();             
               
                   for(i=0;i<8;i++)
                   {
                       imu963ra_simiic_delay();
                       IMU963RA_SCL_LOW();         //ç½®æ—¶é’Ÿçº¿ä¸ºä½ï¼Œå‡†å¤‡æ¥æ”¶æ•°æ®ä½
                       imu963ra_simiic_delay();
                       IMU963RA_SCL_HIGH();         //ç½®æ—¶é’Ÿçº¿ä¸ºé«˜ï¼Œä½¿æ•°æ®çº¿ä¸Šæ•°æ®æœ‰æ•ˆ
                       imu963ra_simiic_delay();
                       c<<=1;
                       if(GET_IMU963RA_SDA) 
                       {
                           c+=1;   //è¯»æ•°æ®ä½ï¼Œå°†æ¥æ”¶çš„æ•°æ®å­˜c
                       }
                   }
               
                   IMU963RA_SCL_LOW();
                   imu963ra_simiic_delay();
                   imu963ra_simiic_sendack(ack_x);
                 
                   return c;
               }
               
               //-------------------------------------------------------------------------------------------------------
             -------------
               //  @brief      æ¨¡æ‹ŸIICå†™æ•°æ®åˆ°è®¾å¤‡å¯„å­˜å™¨å‡½æ•°
               //  @param      dev_add     è®¾å¤‡åœ°å€(ä½ä¸ƒä½åœ°å€)
               //  @param      reg       å¯„å­˜å™¨åœ°å€
               //  @param      dat       å†™å…¥çš„æ•°æ®
               //  @return     void            
               //  Sample usage:       
               //-------------------------------------------------------------------------------------------------------
C251 COMPILER V5.60.0,  IMU963RA                                                           08/03/24  19:26:53  PAGE 4   

             -------------
               static void imu963ra_simiic_write_reg(uint8 dev_add, uint8 reg, uint8 dat)
               {
                   imu963ra_simiic_start();
                   imu963ra_send_ch( (dev_add<<1) | 0x00);   //å‘é€å™¨ä»¶åœ°å€åŠ å†™ä½
                   imu963ra_send_ch( reg );           //å‘é€ä»æœºå¯„å­˜å™¨åœ°å€
                   imu963ra_send_ch( dat );           //å‘é€éœ€è¦å†™å…¥çš„æ•°æ®
                   imu963ra_simiic_stop();
               }
               
               //-------------------------------------------------------------------------------------------------------
             -------------
               //  @brief      æ¨¡æ‹ŸIICä»è®¾å¤‡å¯„å­˜å™¨è¯»å–æ•°æ®
               //  @param      dev_add     è®¾å¤‡åœ°å€(ä½ä¸ƒä½åœ°å€)
               //  @param      reg       å¯„å­˜å™¨åœ°å€
               //  @param      type      é€‰æ‹©é€šä¿¡æ–¹å¼æ˜¯IIC  è¿˜æ˜¯ SCCB
               //  @return     uint8     è¿”å›å¯„å­˜å™¨çš„æ•°æ®      
               //  Sample usage:       
               //-------------------------------------------------------------------------------------------------------
             -------------
               //static uint8 imu963ra_simiic_read_reg(uint8 dev_add, uint8 reg)
               //{
               //  uint8 dat;
               //  imu963ra_simiic_start();
               //    imu963ra_send_ch( (dev_add<<1) | 0x00);  //å‘é€å™¨ä»¶åœ°å€åŠ å†™ä½
               //  imu963ra_send_ch( reg );          //å‘é€ä»æœºå¯„å­˜å™¨åœ°å€
               
               //  
               //  imu963ra_simiic_start();
               //  imu963ra_send_ch( (dev_add<<1) | 0x01);  //å‘é€å™¨ä»¶åœ°å€åŠ è¯»ä½
               //  dat = imu963ra_read_ch(no_ack);           //è¯»å–æ•°æ®
               //  imu963ra_simiic_stop();
               //  
               //  return dat;
               //}
               
               //-------------------------------------------------------------------------------------------------------
             -------------
               //  @brief      æ¨¡æ‹ŸIICä»è®¾å¤‡å¯„å­˜å™¨è¯»å–æ•°æ®
               //  @param      dev_add     è®¾å¤‡åœ°å€(ä½ä¸ƒä½åœ°å€)
               //  @param      reg       å¯„å­˜å™¨åœ°å€
               //  @return     uint8     è¿”å›å¯„å­˜å™¨çš„æ•°æ®      
               
               //  Sample usage:       
               //-------------------------------------------------------------------------------------------------------
             -------------
               static uint8 imu963ra_simiic_sccb_read_reg(uint8 dev_add, uint8 reg)
               {
                 uint8 dat;
                 imu963ra_simiic_start();
                   imu963ra_send_ch( (dev_add<<1) | 0x00);  //å‘é€å™¨ä»¶åœ°å€åŠ å†™ä½
                 imu963ra_send_ch( reg );          //å‘é€ä»æœºå¯„å­˜å™¨åœ°å€
                 imu963ra_simiic_stop();
                 
                 imu963ra_simiic_start();
                 imu963ra_send_ch( (dev_add<<1) | 0x01);  //å‘é€å™¨ä»¶åœ°å€åŠ è¯»ä½
                 dat = imu963ra_read_ch(no_ack);           //è¯»å–æ•°æ®
                 imu963ra_simiic_stop();
                 
                 return dat;
               }
               
               
               //-------------------------------------------------------------------------------------------------------
             -------------
               //  @brief      æ¨¡æ‹ŸIICè¯»å–å¤šå­—èŠ‚æ•°æ®
C251 COMPILER V5.60.0,  IMU963RA                                                           08/03/24  19:26:53  PAGE 5   

               //  @param      dev_add     è®¾å¤‡åœ°å€(ä½ä¸ƒä½åœ°å€)
               //  @param      reg       å¯„å­˜å™¨åœ°å€
               //  @param      dat_add     æ•°æ®ä¿å­˜çš„åœ°å€æŒ‡é’ˆ
               //  @param      num       è¯»å–å­—èŠ‚æ•°é‡
               //  @param      type      é€‰æ‹©é€šä¿¡æ–¹å¼æ˜¯IIC  è¿˜æ˜¯ SCCB
               //  @return     uint8     è¿”å›å¯„å­˜å™¨çš„æ•°æ®      
               
               //  Sample usage:       
               //-------------------------------------------------------------------------------------------------------
             -------------
               static void imu963ra_simiic_read_regs(uint8 dev_add, uint8 reg, uint8 *dat_add, uint32 num)
               {
                   imu963ra_simiic_start();
                   imu963ra_send_ch( (dev_add<<1) | 0x00);  //å‘é€å™¨ä»¶åœ°å€åŠ å†™ä½
                   imu963ra_send_ch( reg );          //å‘é€ä»æœºå¯„å­˜å™¨åœ°å€
               
                   imu963ra_simiic_start();
                   imu963ra_send_ch( (dev_add<<1) | 0x01);  //å‘é€å™¨ä»¶åœ°å€åŠ è¯»ä½
                   while(--num)
                   {
                       *dat_add = imu963ra_read_ch(ack); //è¯»å–æ•°æ®
                       dat_add++;
                   }
                   *dat_add = imu963ra_read_ch(no_ack); //è¯»å–æ•°æ®
                   imu963ra_simiic_stop();
               }
               
               
               //-------------------------------------------------------------------------------------------------------
             -------------
               // å‡½æ•°ç®€ä»‹     IMU963RA å†™å¯„å­˜å™¨
               // å‚æ•°è¯´æ˜     reg             å¯„å­˜å™¨åœ°å€
               // å‚æ•°è¯´æ˜     dat            æ•°æ®
               // è¿”å›å‚æ•°     void
               // ä½¿ç”¨ç¤ºä¾‹     imu963ra_write_acc_gyro_register(IMU963RA_SLV0_CONFIG, 0x00);
               // å¤‡æ³¨ä¿¡æ¯     å†…éƒ¨è°ƒç”¨
               //-------------------------------------------------------------------------------------------------------
             -------------
               #define imu963ra_write_acc_gyro_register(reg,dat)       (imu963ra_simiic_write_reg(IMU963RA_DEV_ADDR,reg,
             -dat))
               
               //-------------------------------------------------------------------------------------------------------
             -------------
               // å‡½æ•°ç®€ä»‹     IMU963RA è¯»å¯„å­˜å™¨
               // å‚æ•°è¯´æ˜     reg             å¯„å­˜å™¨åœ°å€
               // è¿”å›å‚æ•°     uint8           æ•°æ®
               // ä½¿ç”¨ç¤ºä¾‹     imu963ra_read_acc_gyro_register(IMU963RA_STATUS_MASTER);
               // å¤‡æ³¨ä¿¡æ¯     å†…éƒ¨è°ƒç”¨
               //-------------------------------------------------------------------------------------------------------
             -------------
               #define imu963ra_read_acc_gyro_register(reg)             (imu963ra_simiic_sccb_read_reg(IMU963RA_DEV_ADDR
             -,reg))
               
               //-------------------------------------------------------------------------------------------------------
             -------------
               // å‡½æ•°ç®€ä»‹     IMU963RA è¯»æ•°æ® å†…éƒ¨è°ƒç”¨
               // å‚æ•°è¯´æ˜     reg             å¯„å­˜å™¨åœ°å€
               // å‚æ•°è¯´æ˜     dat            æ•°æ®ç¼“å†²åŒº
               // å‚æ•°è¯´æ˜     len             æ•°æ®é•¿åº¦
               // è¿”å›å‚æ•°     void
               // ä½¿ç”¨ç¤ºä¾‹     imu963ra_read_acc_gyro_registers(IMU963RA_OUTX_L_A, dat, 6);
               // å¤‡æ³¨ä¿¡æ¯     å†…éƒ¨è°ƒç”¨
               //-------------------------------------------------------------------------------------------------------
             -------------
               #define imu963ra_read_acc_gyro_registers(reg,dat,len)   (imu963ra_simiic_read_regs(IMU963RA_DEV_ADDR,reg,
             -dat,len))
C251 COMPILER V5.60.0,  IMU963RA                                                           08/03/24  19:26:53  PAGE 6   

               
               
               #else
  304          
  305          
  306          #define IMU963RA_SCK(x)       IMU963RA_SPC_PIN  = x
  307          #define IMU963RA_MOSI(x)      IMU963RA_SDI_PIN = x
  308          #define IMU963RA_CS(x)        IMU963RA_CS_PIN  = x
  309          #define IMU963RA_MISO         IMU963RA_SDO_PIN 
  310          
  311          //-------------------------------------------------------------------------------------------------------
             -------------
  312          //  @brief      é€šè¿‡SPIå†™ä¸€ä¸ªbyte,åŒæ—¶è¯»å–ä¸€ä¸ªbyte
  313          //  @param      byte        å‘é€çš„æ•°æ®    
  314          //  @return     uint8       return è¿”å›statusçŠ¶æ€
  315          
  316          //  Sample usage:
  317          //-------------------------------------------------------------------------------------------------------
             -------------
  318          static uint8 imu963ra_simspi_wr_byte(uint8 byte)
  319          {
  320   1          uint8 i;
  321   1        
  322   1          for(i=0; i<8; i++)
  323   1          {
  324   2              IMU963RA_MOSI(byte&0x80);
  325   2              byte <<= 1;
  326   2              IMU963RA_SCK (0);
  327   2              IMU963RA_SCK (0);
  328   2          
  329   2              IMU963RA_SCK (1);
  330   2              IMU963RA_SCK (1);
  331   2              byte |= IMU963RA_MISO; 
  332   2          } 
  333   1          return(byte);                                         
  334   1      }
  335          //-------------------------------------------------------------------------------------------------------
             -------------
  336          //  @brief      å°†valå†™å…¥cmdå¯¹åº”çš„å¯„å­˜å™¨åœ°å€,åŒæ—¶è¿”å›statuså­—èŠ‚
  337          //  @param      cmd         å‘½ä»¤å­—
  338          //  @param      val         å¾…å†™å…¥å¯„å­˜å™¨çš„æ•°å€¼
  339          
  340          //  Sample usage:
  341          //-------------------------------------------------------------------------------------------------------
             -------------
  342          static void imu963ra_simspi_w_reg_byte(uint8 cmd, uint8 val)
  343          {
  344   1          IMU963RA_CS(0);
  345   1          cmd |= IMU963RA_SPI_W;
  346   1          imu963ra_simspi_wr_byte(cmd);                       
  347   1          imu963ra_simspi_wr_byte(val);                                 
  348   1          IMU963RA_CS(1);                                     
  349   1      }
  350          
  351          
  352          //-------------------------------------------------------------------------------------------------------
             -------------
  353          //  @brief      å°†valå†™å…¥cmdå¯¹åº”çš„å¯„å­˜å™¨åœ°å€
  354          //  @param      cmd         å‘½ä»¤å­—
  355          //  @param      val         å¾…å†™å…¥å¯„å­˜å™¨çš„æ•°å€¼
  356          
  357          //  Sample usage:
  358          //-------------------------------------------------------------------------------------------------------
             -------------
  359          //static void imu963ra_simspi_w_reg_bytes(uint8 cmd, uint8 *dat_addr, uint32 len)
  360          //{
C251 COMPILER V5.60.0,  IMU963RA                                                           08/03/24  19:26:53  PAGE 7   

  361          
  362          //  
  363          //  IMU963RA_CS(0);
  364          //  cmd |= IMU963RA_SPI_W;
  365          //  imu963ra_simspi_wr_byte(cmd);   
  366          //  while(len--)
  367          //  {
  368          //    imu963ra_simspi_wr_byte(*dat_addr++); 
  369          //  }                 
  370          //    IMU963RA_CS(1);                                     
  371          //}
  372          
  373          //-------------------------------------------------------------------------------------------------------
             -------------
  374          //  @brief      è¯»å–cmdæ‰€å¯¹åº”çš„å¯„å­˜å™¨åœ°å€
  375          //  @param      cmd         å‘½ä»¤å­—
  376          //  @param      *val        å­˜å‚¨è¯»å–çš„æ•°æ®åœ°å€
  377          //  Sample usage:
  378          //-------------------------------------------------------------------------------------------------------
             -------------
  379          static void imu963ra_simspi_r_reg_byte(uint8 cmd, uint8 *val)
  380          {
  381   1          IMU963RA_CS(0);
  382   1          cmd |= IMU963RA_SPI_R;
  383   1          imu963ra_simspi_wr_byte(cmd);                                 
  384   1          *val = imu963ra_simspi_wr_byte(0);                            
  385   1          IMU963RA_CS(1);                                     
  386   1      }
  387          
  388          //-------------------------------------------------------------------------------------------------------
             -------------
  389          //  @brief      è¯»å–cmdæ‰€å¯¹åº”çš„å¯„å­˜å™¨åœ°å€
  390          //  @param      cmd         å‘½ä»¤å­—
  391          //  @param      *val        å­˜å‚¨è¯»å–çš„æ•°æ®åœ°å€
  392          //  @param      num         è¯»å–çš„æ•°é‡
  393          
  394          //  Sample usage:
  395          //-------------------------------------------------------------------------------------------------------
             -------------
  396          static void imu963ra_simspi_r_reg_bytes(uint8 cmd, uint8 *val, uint32 num)
  397          {
  398   1      
  399   1          cmd |= IMU963RA_SPI_R;
  400   1          imu963ra_simspi_wr_byte(cmd);
  401   1      
  402   1          while(num--)
  403   1          {
  404   2              *val++ = imu963ra_simspi_wr_byte(0);
  405   2          }          
  406   1      }
  407          
  408          //-------------------------------------------------------------------------------------------------------
             -------------
  409          // å‡½æ•°ç®€ä»‹     IMU963RA å†™å¯„å­˜å™¨
  410          // å‚æ•°è¯´æ˜     reg             å¯„å­˜å™¨åœ°å€
  411          // å‚æ•°è¯´æ˜     dat            æ•°æ®
  412          // è¿”å›å‚æ•°     void
  413          // ä½¿ç”¨ç¤ºä¾‹     imu963ra_write_acc_gyro_register(IMU963RA_SLV0_CONFIG, 0x00);
  414          // å¤‡æ³¨ä¿¡æ¯     å†…éƒ¨è°ƒç”¨
  415          //-------------------------------------------------------------------------------------------------------
             -------------
  416          static void imu963ra_write_acc_gyro_register(uint8 reg, uint8 dat)
  417          {
  418   1          IMU963RA_CS(0);
  419   1          imu963ra_simspi_w_reg_byte(reg | IMU963RA_SPI_W, dat);
  420   1      
C251 COMPILER V5.60.0,  IMU963RA                                                           08/03/24  19:26:53  PAGE 8   

  421   1          IMU963RA_CS(1);
  422   1      }
  423          
  424          //-------------------------------------------------------------------------------------------------------
             -------------
  425          // å‡½æ•°ç®€ä»‹     IMU963RA è¯»å¯„å­˜å™¨
  426          // å‚æ•°è¯´æ˜     reg             å¯„å­˜å™¨åœ°å€
  427          // è¿”å›å‚æ•°     uint8           æ•°æ®
  428          // ä½¿ç”¨ç¤ºä¾‹     imu963ra_read_acc_gyro_register(IMU963RA_STATUS_MASTER);
  429          // å¤‡æ³¨ä¿¡æ¯     å†…éƒ¨è°ƒç”¨
  430          //-------------------------------------------------------------------------------------------------------
             -------------
  431          static uint8 imu963ra_read_acc_gyro_register(uint8 reg)
  432          {
  433   1          uint8 dat = 0;
  434   1          IMU963RA_CS(0);
  435   1          imu963ra_simspi_r_reg_byte(reg | IMU963RA_SPI_R , &dat);
  436   1          IMU963RA_CS(1);
  437   1          return dat;
  438   1      }
  439          
  440          //-------------------------------------------------------------------------------------------------------
             -------------
  441          // å‡½æ•°ç®€ä»‹     IMU963RA è¯»æ•°æ® å†…éƒ¨è°ƒç”¨
  442          // å‚æ•°è¯´æ˜     reg             å¯„å­˜å™¨åœ°å€
  443          // å‚æ•°è¯´æ˜     dat            æ•°æ®ç¼“å†²åŒº
  444          // å‚æ•°è¯´æ˜     len             æ•°æ®é•¿åº¦
  445          // è¿”å›å‚æ•°     void
  446          // ä½¿ç”¨ç¤ºä¾‹     imu963ra_read_acc_gyro_registers(IMU963RA_OUTX_L_A, dat, 6);
  447          // å¤‡æ³¨ä¿¡æ¯     å†…éƒ¨è°ƒç”¨
  448          //-------------------------------------------------------------------------------------------------------
             -------------
  449          static void imu963ra_read_acc_gyro_registers(uint8 reg, uint8 *dat, uint32 len)
  450          {
  451   1          IMU963RA_CS(0);
  452   1          imu963ra_simspi_r_reg_bytes( reg | IMU963RA_SPI_R, dat, len);
  453   1      
  454   1          IMU963RA_CS(1);
  455   1      }
  456          #endif
  457          
  458          //-------------------------------------------------------------------------------------------------------
             -------------
  459          // å‡½æ•°ç®€ä»‹     IMU963RA ä½œä¸º IIC ä¸»æœºå‘ç£åŠ›è®¡å†™æ•°æ®
  460          // å‚æ•°è¯´æ˜     addr            ç›®æ ‡åœ°å€
  461          // å‚æ•°è¯´æ˜     reg             ç›®æ ‡å¯„å­˜å™¨
  462          // å‚æ•°è¯´æ˜     dat            æ•°æ®
  463          // è¿”å›å‚æ•°     uint8           1-å¤±è´¥ 0-æˆåŠŸ
  464          // ä½¿ç”¨ç¤ºä¾‹     imu963ra_write_mag_register(IMU963RA_MAG_ADDR, IMU963RA_MAG_CONTROL2, 0x80);
  465          // å¤‡æ³¨ä¿¡æ¯     å†…éƒ¨è°ƒç”¨
  466          //-------------------------------------------------------------------------------------------------------
             -------------
  467          static uint8 imu963ra_write_mag_register (uint8 addr, uint8 reg, uint8 dat)
  468          {
  469   1          uint8 return_state = 0;
  470   1          uint16 timeout_count = 0;
  471   1      
  472   1          addr = addr << 1;
  473   1          imu963ra_write_acc_gyro_register(IMU963RA_SLV0_CONFIG, 0x00);               // ä»æœº0é…ç½®æ¸…é™¤
  474   1          imu963ra_write_acc_gyro_register(IMU963RA_SLV0_ADD, addr | 0);              // è®¾ç½®åœ°ç£è®¡åœ°å€ï
             -¼ˆæ³¨æ„è¿™é‡Œéœ€è¦è®¾ç½®8ä½çš„I2Cåœ°å€ï¼‰ 0x2C
  475   1          imu963ra_write_acc_gyro_register(IMU963RA_SLV0_SUBADD, reg);                // éœ€è¦å†™å…¥çš„å¯„å­˜å
             -™¨åœ°å€
  476   1          imu963ra_write_acc_gyro_register(IMU963RA_DATAWRITE_SLV0, dat);            // éœ€è¦å†™å…¥çš„æ•°æ®
  477   1          imu963ra_write_acc_gyro_register(IMU963RA_MASTER_CONFIG, 0x4C);             // ä»…åœ¨ç¬¬ä¸€ä¸ªå‘¨æœŸå
             -¯ç”¨é€šè®¯ å¼€å¯ä¸Šæ‹‰ I2Cä¸»æœºä½¿èƒ½
C251 COMPILER V5.60.0,  IMU963RA                                                           08/03/24  19:26:53  PAGE 9   

  478   1          
  479   1          // ç­‰å¾…é€šè®¯æˆåŠŸ
  480   1          while(0 == (0x80 & imu963ra_read_acc_gyro_register(IMU963RA_STATUS_MASTER)))
  481   1          {
  482   2              if(timeout_count ++ > IMU963RA_TIMEOUT_COUNT)
  483   2              {
  484   3                  return_state = 1;
  485   3                  break;
  486   3              }
  487   2              delay_ms(2);
  488   2          }
  489   1          return return_state;
  490   1      }
  491          
  492          //-------------------------------------------------------------------------------------------------------
             -------------
  493          // å‡½æ•°ç®€ä»‹     IMU963RA ä½œä¸º IIC ä¸»æœºå‘ç£åŠ›è®¡è¯»æ•°æ®
  494          // å‚æ•°è¯´æ˜     addr            ç›®æ ‡åœ°å€
  495          // å‚æ•°è¯´æ˜     reg             ç›®æ ‡å¯„å­˜å™¨
  496          // è¿”å›å‚æ•°     uint8           è¯»å–çš„æ•°æ®
  497          // ä½¿ç”¨ç¤ºä¾‹     imu963ra_read_mag_register(IMU963RA_MAG_ADDR, IMU963RA_MAG_CHIP_ID);
  498          // å¤‡æ³¨ä¿¡æ¯     å†…éƒ¨è°ƒç”¨
  499          //-------------------------------------------------------------------------------------------------------
             -------------
  500          static uint8 imu963ra_read_mag_register (uint8 addr, uint8 reg)
  501          {
  502   1          uint16 timeout_count = 0;
  503   1      
  504   1          addr = addr << 1;
  505   1          imu963ra_write_acc_gyro_register(IMU963RA_SLV0_ADD, addr | 1);              // è®¾ç½®åœ°ç£è®¡åœ°å€ï
             -¼ˆæ³¨æ„è¿™é‡Œéœ€è¦è®¾ç½®8ä½çš„I2Cåœ°å€ï¼‰ 0x2C
  506   1          imu963ra_write_acc_gyro_register(IMU963RA_SLV0_SUBADD, reg);                // éœ€è¦è¯»å–çš„å¯„å­˜å
             -™¨åœ°å€
  507   1          imu963ra_write_acc_gyro_register(IMU963RA_SLV0_CONFIG, 0x01);    
  508   1          imu963ra_write_acc_gyro_register(IMU963RA_MASTER_CONFIG, 0x4C);             // ä»…åœ¨ç¬¬ä¸€ä¸ªå‘¨æœŸå
             -¯ç”¨é€šè®¯ å¼€å¯ä¸Šæ‹‰ I2Cä¸»æœºä½¿èƒ½
  509   1          
  510   1          // ç­‰å¾…é€šè®¯æˆåŠŸ
  511   1          while(0 == (0x01 & imu963ra_read_acc_gyro_register(IMU963RA_STATUS_MASTER)))
  512   1          {
  513   2              if(timeout_count ++ > IMU963RA_TIMEOUT_COUNT)
  514   2              {
  515   3                  break;
  516   3              }
  517   2              delay_ms(2);
  518   2          }
  519   1          
  520   1          return (imu963ra_read_acc_gyro_register(IMU963RA_SENSOR_HUB_1));            // è¿”å›è¯»å–åˆ°çš„æ•°æ
             -®
  521   1      }
  522          
  523          //-------------------------------------------------------------------------------------------------------
             -------------
  524          // å‡½æ•°ç®€ä»‹     IMU963RA ä½œä¸º IIC ä¸»æœºå‘ç£åŠ›è®¡è‡ªåŠ¨å†™æ•°æ®
  525          // å‚æ•°è¯´æ˜     addr            ç›®æ ‡åœ°å€
  526          // å‚æ•°è¯´æ˜     reg             ç›®æ ‡å¯„å­˜å™¨
  527          // è¿”å›å‚æ•°     void
  528          // ä½¿ç”¨ç¤ºä¾‹     imu963ra_connect_mag(IMU963RA_MAG_ADDR, IMU963RA_MAG_OUTX_L);
  529          // å¤‡æ³¨ä¿¡æ¯     å†…éƒ¨è°ƒç”¨
  530          //-------------------------------------------------------------------------------------------------------
             -------------
  531          static void imu963ra_connect_mag (uint8 addr, uint8 reg)
  532          {
  533   1          addr = addr << 1;
  534   1          
  535   1          imu963ra_write_acc_gyro_register(IMU963RA_SLV0_ADD, addr | 1);              // è®¾ç½®åœ°ç£è®¡åœ°å€ï
C251 COMPILER V5.60.0,  IMU963RA                                                           08/03/24  19:26:53  PAGE 10  

             -¼ˆæ³¨æ„è¿™é‡Œéœ€è¦è®¾ç½®8ä½çš„I2Cåœ°å€ï¼‰ 0x2C
  536   1          imu963ra_write_acc_gyro_register(IMU963RA_SLV0_SUBADD, reg);                // éœ€è¦è¯»å–çš„å¯„å­˜å
             -™¨åœ°å€
  537   1          imu963ra_write_acc_gyro_register(IMU963RA_SLV0_CONFIG, 0x06);    
  538   1          imu963ra_write_acc_gyro_register(IMU963RA_MASTER_CONFIG, 0x6C);             // ä»…åœ¨ç¬¬ä¸€ä¸ªå‘¨æœŸå
             -¯ç”¨é€šè®¯ å¼€å¯ä¸Šæ‹‰ I2Cä¸»æœºä½¿èƒ½
  539   1      }   
  540          
  541          
  542          //-------------------------------------------------------------------------------------------------------
             -------------
  543          // å‡½æ•°ç®€ä»‹     IMU963RA å…­è½´è‡ªæ£€ å†…éƒ¨è°ƒç”¨
  544          // å‚æ•°è¯´æ˜     void
  545          // è¿”å›å‚æ•°     uint8           1-è‡ªæ£€å¤±è´¥ 0-è‡ªæ£€æˆåŠŸ
  546          // ä½¿ç”¨ç¤ºä¾‹     imu963ra_acc_gyro_self_check();
  547          // å¤‡æ³¨ä¿¡æ¯     å†…éƒ¨è°ƒç”¨
  548          //-------------------------------------------------------------------------------------------------------
             -------------
  549          static uint8 imu963ra_acc_gyro_self_check (void)
  550          {
  551   1          uint8 return_state = 0;
  552   1          uint8 dat = 0;
  553   1          uint16 timeout_count = 0;
  554   1      
  555   1          while(0x6B != dat)                                                          // åˆ¤æ–­ ID æ˜¯å¦æ­£ç¡®
  556   1          {
  557   2              if(timeout_count++ > IMU963RA_TIMEOUT_COUNT)
  558   2              {
  559   3                  return_state = 1;
  560   3                  break;
  561   3              }
  562   2              dat = imu963ra_read_acc_gyro_register(IMU963RA_WHO_AM_I);
  563   2              delay_ms(10);
  564   2          }
  565   1          return return_state;
  566   1      }
  567          
  568          //-------------------------------------------------------------------------------------------------------
             -------------
  569          // å‡½æ•°ç®€ä»‹     IMU963RA ç£åŠ›è®¡è‡ªæ£€ å†…éƒ¨è°ƒç”¨
  570          // å‚æ•°è¯´æ˜     void
  571          // è¿”å›å‚æ•°     uint8           1-è‡ªæ£€å¤±è´¥ 0-è‡ªæ£€æˆåŠŸ
  572          // ä½¿ç”¨ç¤ºä¾‹     imu963ra_mag_self_check();
  573          // å¤‡æ³¨ä¿¡æ¯     å†…éƒ¨è°ƒç”¨
  574          //-------------------------------------------------------------------------------------------------------
             -------------
  575          static uint8 imu963ra_mag_self_check (void)
  576          {
  577   1          uint8 return_state = 0;
  578   1          uint8 dat = 0;
  579   1          uint16 timeout_count = 0;
  580   1      
  581   1          while(0xff != dat)                                                          // åˆ¤æ–­ ID æ˜¯å¦æ­£ç¡®
  582   1          {
  583   2              if(timeout_count++ > IMU963RA_TIMEOUT_COUNT)
  584   2              {
  585   3                  return_state = 1;
  586   3                  break;
  587   3              }
  588   2              dat = imu963ra_read_mag_register(IMU963RA_MAG_ADDR, IMU963RA_MAG_CHIP_ID);
  589   2              delay_ms(10);
  590   2          }
  591   1          return return_state;
  592   1      }
  593          
  594          //-------------------------------------------------------------------------------------------------------
C251 COMPILER V5.60.0,  IMU963RA                                                           08/03/24  19:26:53  PAGE 11  

             -------------
  595          // å‡½æ•°ç®€ä»‹     è·å– IMU963RA åŠ é€Ÿåº¦è®¡æ•°æ®
  596          // å‚æ•°è¯´æ˜     void
  597          // è¿”å›å‚æ•°     void
  598          // ä½¿ç”¨ç¤ºä¾‹     imu963ra_get_acc();
  599          // å¤‡æ³¨ä¿¡æ¯     æ‰§è¡Œè¯¥å‡½æ•°åï¼Œç›´æ¥æŸ¥çœ‹å¯¹åº”çš„å˜é‡å³å¯
  600          //-------------------------------------------------------------------------------------------------------
             -------------
  601          void imu963ra_get_acc (void)
  602          {
  603   1          uint8 dat[6];
  604   1      
  605   1          imu963ra_read_acc_gyro_registers(IMU963RA_OUTX_L_A, dat, 6);
  606   1          imu963ra_acc_x = (int16)(((uint16)dat[1]<<8 | dat[0]));
  607   1          imu963ra_acc_y = (int16)(((uint16)dat[3]<<8 | dat[2]));
  608   1          imu963ra_acc_z = (int16)(((uint16)dat[5]<<8 | dat[4]));
  609   1      }
  610          
  611          
  612          //-------------------------------------------------------------------------------------------------------
             -------------
  613          // å‡½æ•°ç®€ä»‹     è·å–IMU963RAé™€èºä»ªæ•°æ®
  614          // å‚æ•°è¯´æ˜     void
  615          // è¿”å›å‚æ•°     void
  616          // ä½¿ç”¨ç¤ºä¾‹     imu963ra_get_gyro();
  617          // å¤‡æ³¨ä¿¡æ¯     æ‰§è¡Œè¯¥å‡½æ•°åï¼Œç›´æ¥æŸ¥çœ‹å¯¹åº”çš„å˜é‡å³å¯
  618          //-------------------------------------------------------------------------------------------------------
             -------------
  619          void imu963ra_get_gyro (void)
  620          {
  621   1          uint8 dat[6];
  622   1      
  623   1          imu963ra_read_acc_gyro_registers(IMU963RA_OUTX_L_G, dat, 6);
  624   1          imu963ra_gyro_x = (int16)(((uint16)dat[1]<<8 | dat[0]));
  625   1          imu963ra_gyro_y = (int16)(((uint16)dat[3]<<8 | dat[2]));
  626   1          imu963ra_gyro_z = (int16)(((uint16)dat[5]<<8 | dat[4]));
  627   1      }
  628          
  629          
  630          //-------------------------------------------------------------------------------------------------------
             -------------
  631          // å‡½æ•°ç®€ä»‹     è·å– IMU963RA ç£åŠ›è®¡æ•°æ®
  632          // å‚æ•°è¯´æ˜     void
  633          // è¿”å›å‚æ•°     void
  634          // ä½¿ç”¨ç¤ºä¾‹     imu963ra_get_mag();
  635          // å¤‡æ³¨ä¿¡æ¯     æ‰§è¡Œè¯¥å‡½æ•°åï¼Œç›´æ¥æŸ¥çœ‹å¯¹åº”çš„å˜é‡å³å¯
  636          //-------------------------------------------------------------------------------------------------------
             -------------
  637          void imu963ra_get_mag (void)
  638          {
  639   1          uint8 temp_status;
  640   1          uint8 dat[6];
  641   1      
  642   1          imu963ra_write_acc_gyro_register(IMU963RA_FUNC_CFG_ACCESS, 0x40);
  643   1          temp_status = imu963ra_read_acc_gyro_register(IMU963RA_STATUS_MASTER);
  644   1          if(0x01 & temp_status)
  645   1          {
  646   2              imu963ra_read_acc_gyro_registers(IMU963RA_SENSOR_HUB_1, dat, 6);
  647   2              imu963ra_mag_x = (int16)(((uint16)dat[1]<<8 | dat[0]));
  648   2              imu963ra_mag_y = (int16)(((uint16)dat[3]<<8 | dat[2]));
  649   2              imu963ra_mag_z = (int16)(((uint16)dat[5]<<8 | dat[4]));
  650   2          }
  651   1          imu963ra_write_acc_gyro_register(IMU963RA_FUNC_CFG_ACCESS, 0x00);
  652   1      }
  653          
  654          //-------------------------------------------------------------------------------------------------------
C251 COMPILER V5.60.0,  IMU963RA                                                           08/03/24  19:26:53  PAGE 12  

             -------------
  655          // å‡½æ•°ç®€ä»‹     å°† IMU963RA åŠ é€Ÿåº¦è®¡æ•°æ®è½¬æ¢ä¸ºå®é™…ç‰©ç†æ•°æ®
  656          // å‚æ•°è¯´æ˜     gyro_value      ä»»æ„è½´çš„åŠ é€Ÿåº¦è®¡æ•°æ®
  657          // è¿”å›å‚æ•°     void
  658          // ä½¿ç”¨ç¤ºä¾‹     float dat = imu963ra_acc_transition(imu963ra_acc_x);           // å•ä½ä¸º g(m/s^2)
  659          // å¤‡æ³¨ä¿¡æ¯
  660          //-------------------------------------------------------------------------------------------------------
             -------------
  661          float imu963ra_acc_transition (int16 acc_value)
  662          {
  663   1          float acc_dat = 0;
  664   1          switch(IMU963RA_ACC_SAMPLE)
  665   1          {
  666   2              case 0x30: acc_dat = (float)acc_value / 16393; break;                  // 0x30 åŠ é€Ÿåº¦é‡ç¨‹ä¸º
             -:Â±2G      è·å–åˆ°çš„åŠ é€Ÿåº¦è®¡æ•°æ® é™¤ä»¥ 16393 ï¼Œå¯ä»¥è½¬åŒ–ä¸ºå¸¦ç‰©ç†å•ä½çš„æ•°æ®ï¼Œå•ä½ï¼šg(m/s^2)
  667   2              case 0x38: acc_dat = (float)acc_value / 8197;  break;                  // 0x38 åŠ é€Ÿåº¦é‡ç¨‹ä¸º
             -:Â±4G      è·å–åˆ°çš„åŠ é€Ÿåº¦è®¡æ•°æ® é™¤ä»¥ 8197 ï¼Œ å¯ä»¥è½¬åŒ–ä¸ºå¸¦ç‰©ç†å•ä½çš„æ•°æ®ï¼Œå•ä½ï¼šg(m/s^2)
  668   2              case 0x3C: acc_dat = (float)acc_value / 4098;  break;                  // 0x3C åŠ é€Ÿåº¦é‡ç¨‹ä¸º
             -:Â±8G      è·å–åˆ°çš„åŠ é€Ÿåº¦è®¡æ•°æ® é™¤ä»¥ 4098 ï¼Œ å¯ä»¥è½¬åŒ–ä¸ºå¸¦ç‰©ç†å•ä½çš„æ•°æ®ï¼Œå•ä½ï¼šg(m/s^2)
  669   2              case 0x34: acc_dat = (float)acc_value / 2049;  break;                  // 0x34 åŠ é€Ÿåº¦é‡ç¨‹ä¸º
             -:Â±16G     è·å–åˆ°çš„åŠ é€Ÿåº¦è®¡æ•°æ® é™¤ä»¥ 2049 ï¼Œ å¯ä»¥è½¬åŒ–ä¸ºå¸¦ç‰©ç†å•ä½çš„æ•°æ®ï¼Œå•ä½ï¼šg(m/s^2)
  670   2              default: break;
  671   2          }
  672   1          return acc_dat;
  673   1      }
  674          
  675          //-------------------------------------------------------------------------------------------------------
             -------------
  676          // å‡½æ•°ç®€ä»‹     å°† IMU963RA é™€èºä»ªæ•°æ®è½¬æ¢ä¸ºå®é™…ç‰©ç†æ•°æ®
  677          // å‚æ•°è¯´æ˜     gyro_value      ä»»æ„è½´çš„é™€èºä»ªæ•°æ®
  678          // è¿”å›å‚æ•°     void
  679          // ä½¿ç”¨ç¤ºä¾‹     float dat = imu963ra_gyro_transition(imu963ra_gyro_x);         // å•ä½ä¸ºÂ°/s
  680          // å¤‡æ³¨ä¿¡æ¯
  681          //-------------------------------------------------------------------------------------------------------
             -------------
  682          float imu963ra_gyro_transition (int16 gyro_value)
  683          {
  684   1          float gyro_dat = 0;
  685   1          switch(IMU963RA_GYR_SAMPLE)
  686   1          {
  687   2              case 0x52: gyro_dat = (float)gyro_value / 228.6f;  break;              //  0x52 é™€èºä»ªé‡ç¨‹ä¸
             -º:Â±125dps  è·å–åˆ°çš„é™€èºä»ªæ•°æ®é™¤ä»¥ 228.6ï¼Œ   å¯ä»¥è½¬åŒ–ä¸ºå¸¦ç‰©ç†å•ä½çš„æ•°æ®ï¼Œå•ä½ä¸ºï¼šÂ°/s
  688   2              case 0x50: gyro_dat = (float)gyro_value / 114.3f;  break;              //  0x50 é™€èºä»ªé‡ç¨‹ä¸
             -º:Â±250dps  è·å–åˆ°çš„é™€èºä»ªæ•°æ®é™¤ä»¥ 114.3ï¼Œ   å¯ä»¥è½¬åŒ–ä¸ºå¸¦ç‰©ç†å•ä½çš„æ•°æ®ï¼Œå•ä½ä¸ºï¼šÂ°/s
  689   2              case 0x54: gyro_dat = (float)gyro_value / 57.1f;   break;              //  0x54 é™€èºä»ªé‡ç¨‹ä¸
             -º:Â±500dps  è·å–åˆ°çš„é™€èºä»ªæ•°æ®é™¤ä»¥ 57.1ï¼Œ    å¯ä»¥è½¬åŒ–ä¸ºå¸¦ç‰©ç†å•ä½çš„æ•°æ®ï¼Œå•ä½ä¸ºï¼šÂ°/s
  690   2              case 0x58: gyro_dat = (float)gyro_value / 28.6f;   break;              //  0x58 é™€èºä»ªé‡ç¨‹ä¸
             -º:Â±1000dps è·å–åˆ°çš„é™€èºä»ªæ•°æ®é™¤ä»¥ 28.6ï¼Œ    å¯ä»¥è½¬åŒ–ä¸ºå¸¦ç‰©ç†å•ä½çš„æ•°æ®ï¼Œå•ä½ä¸ºï¼šÂ°/s
  691   2              case 0x5C: gyro_dat = (float)gyro_value / 14.3f;   break;              //  0x5C é™€èºä»ªé‡ç¨‹ä¸
             -º:Â±2000dps è·å–åˆ°çš„é™€èºä»ªæ•°æ®é™¤ä»¥ 14.3ï¼Œ    å¯ä»¥è½¬åŒ–ä¸ºå¸¦ç‰©ç†å•ä½çš„æ•°æ®ï¼Œå•ä½ä¸ºï¼šÂ°/s
  692   2              case 0x51: gyro_dat = (float)gyro_value / 7.1f;    break;              //  0x51 é™€èºä»ªé‡ç¨‹ä¸
             -º:Â±4000dps è·å–åˆ°çš„é™€èºä»ªæ•°æ®é™¤ä»¥ 7.1ï¼Œ     å¯ä»¥è½¬åŒ–ä¸ºå¸¦ç‰©ç†å•ä½çš„æ•°æ®ï¼Œå•ä½ä¸ºï¼šÂ°/s
  693   2              default: break;
  694   2          }
  695   1          return gyro_dat;
  696   1      }
  697          
  698          //-------------------------------------------------------------------------------------------------------
             -------------
  699          // å‡½æ•°ç®€ä»‹     å°† IMU963RA åœ°ç£è®¡æ•°æ®è½¬æ¢ä¸ºå®é™…ç‰©ç†æ•°æ®
  700          // å‚æ•°è¯´æ˜     mag_value       ä»»æ„è½´çš„åœ°ç£è®¡æ•°æ®
  701          // è¿”å›å‚æ•°     void
  702          // ä½¿ç”¨ç¤ºä¾‹     float dat = imu963ra_mag_transition(imu963ra_mag_x);          // å•ä½ä¸ºG(é«˜æ–¯)
  703          // å¤‡æ³¨ä¿¡æ¯
  704          //-------------------------------------------------------------------------------------------------------
             -------------
C251 COMPILER V5.60.0,  IMU963RA                                                           08/03/24  19:26:53  PAGE 13  

  705          float imu963ra_mag_transition (int16 mag_value)
  706          {
  707   1          float mag_dat = 0;
  708   1          switch(IMU963RA_MAG_SAMPLE)
  709   1          {
  710   2              case 0x19: mag_dat = (float)mag_value / 3000;  break;                  //  0x19 ç£åŠ›è®¡é‡ç¨‹ä¸
             -º:8G     è·å–åˆ°çš„åŠ é€Ÿåº¦è®¡æ•°æ® é™¤ä»¥3000ï¼Œ å¯ä»¥è½¬åŒ–ä¸ºå¸¦ç‰©ç†å•ä½çš„æ•°æ®ï¼Œå•ä½ï¼šG(é«˜æ–¯)
  711   2              case 0x09: mag_dat = (float)mag_value / 12000; break;                  //  0x09 ç£åŠ›è®¡é‡ç¨‹ä¸
             -º:2G     è·å–åˆ°çš„åŠ é€Ÿåº¦è®¡æ•°æ® é™¤ä»¥12000ï¼Œå¯ä»¥è½¬åŒ–ä¸ºå¸¦ç‰©ç†å•ä½çš„æ•°æ®ï¼Œå•ä½ï¼šG(é«˜æ–¯)
  712   2              default: break;
  713   2          }
  714   1          return mag_dat;
  715   1      }
  716          
  717          //-------------------------------------------------------------------------------------------------------
             -------------
  718          // å‡½æ•°ç®€ä»‹     åˆå§‹åŒ– IMU963RA
  719          // å‚æ•°è¯´æ˜     void
  720          // è¿”å›å‚æ•°     uint8           1-åˆå§‹åŒ–å¤±è´¥ 0-åˆå§‹åŒ–æˆåŠŸ
  721          // ä½¿ç”¨ç¤ºä¾‹     imu963ra_init();
  722          // å¤‡æ³¨ä¿¡æ¯     
  723          //-------------------------------------------------------------------------------------------------------
             -------------
  724          uint8 imu963ra_init (void)
  725          {
  726   1          uint8 return_state = 0;
  727   1          delay_ms(10);                                                        // ä¸Šç”µå»¶æ—¶
  728   1      
  729   1      //#if IMU963RA_USE_SOFT_IIC
  730   1      //    soft_iic_init(&imu963ra_iic_struct, IMU963RA_DEV_ADDR, IMU963RA_SOFT_IIC_DELAY, IMU963RA_SCL_PIN, I
             -MU963RA_SDA_PIN);
  731   1      //#else
  732   1      //    spi_init(IMU963RA_SPI, SPI_MODE0, IMU963RA_SPI_SPEED, IMU963RA_SPC_PIN, IMU963RA_SDI_PIN, IMU963RA_
             -SDO_PIN, SPI_CS_NULL);
  733   1      //    gpio_init(IMU963RA_CS_PIN, GPO, GPIO_LOW, GPO_PUSH_PULL);
  734   1      //#endif
  735   1      
  736   1          do
  737   1          {
  738   2              imu963ra_write_acc_gyro_register(IMU963RA_FUNC_CFG_ACCESS, 0x00);       // å…³é—­HUBå¯„å­˜å™¨è®¿é
             -—®
  739   2              imu963ra_write_acc_gyro_register(IMU963RA_CTRL3_C, 0x01);               // å¤ä½è®¾å¤‡
  740   2              delay_ms(2);                             
  741   2              imu963ra_write_acc_gyro_register(IMU963RA_FUNC_CFG_ACCESS, 0x00);       // å…³é—­HUBå¯„å­˜å™¨è®¿é
             -—®
  742   2              if(imu963ra_acc_gyro_self_check())                   
  743   2              {                
  744   3      //      while(1)
  745   3      //      {
  746   3              printf( "IMU963RA acc and gyro self check error.\r\n");                    
  747   3      //        delay_ms(200);
  748   3      //      };
  749   3            
  750   3                  
  751   3                  return_state = 1;
  752   3                  break;            
  753   3              }                   
  754   2                                  
  755   2              imu963ra_write_acc_gyro_register(IMU963RA_INT1_CTRL, 0x03);             // å¼€å¯é™€èºä»ª åŠ é€Ÿ
             -åº¦æ•°æ®å°±ç»ªä¸­æ–­
  756   2              imu963ra_write_acc_gyro_register(IMU963RA_CTRL1_XL, IMU963RA_GYR_SAMPLE);   // è®¾ç½®åŠ é€Ÿåº¦è®¡
             -é‡ç¨‹ Â±8G ä»¥åŠæ•°æ®è¾“å‡ºé€Ÿç‡ 52hz ä»¥åŠåŠ é€Ÿåº¦ä¿¡æ¯ä»ç¬¬ä¸€çº§æ»¤æ³¢å™¨è¾“å‡º
  757   2              // IMU963RA_CTRL1_XL å¯„å­˜å™¨
  758   2              // è®¾ç½®ä¸º:0x30 åŠ é€Ÿåº¦é‡ç¨‹ä¸º:Â±2G      è·å–åˆ°çš„åŠ é€Ÿåº¦è®¡æ•°æ® é™¤ä»¥16393ï¼Œå¯ä»
             -¥è½¬åŒ–ä¸ºå¸¦ç‰©ç†å•ä½çš„æ•°æ®ï¼Œå•ä½ï¼šg(m/s^2)
  759   2              // è®¾ç½®ä¸º:0x38 åŠ é€Ÿåº¦é‡ç¨‹ä¸º:Â±4G      è·å–åˆ°çš„åŠ é€Ÿåº¦è®¡æ•°æ® é™¤ä»¥8197ï¼Œ å¯ä»
C251 COMPILER V5.60.0,  IMU963RA                                                           08/03/24  19:26:53  PAGE 14  

             -¥è½¬åŒ–ä¸ºå¸¦ç‰©ç†å•ä½çš„æ•°æ®ï¼Œå•ä½ï¼šg(m/s^2)
  760   2              // è®¾ç½®ä¸º:0x3C åŠ é€Ÿåº¦é‡ç¨‹ä¸º:Â±8G      è·å–åˆ°çš„åŠ é€Ÿåº¦è®¡æ•°æ® é™¤ä»¥4098ï¼Œ å¯ä»
             -¥è½¬åŒ–ä¸ºå¸¦ç‰©ç†å•ä½çš„æ•°æ®ï¼Œå•ä½ï¼šg(m/s^2)
  761   2              // è®¾ç½®ä¸º:0x34 åŠ é€Ÿåº¦é‡ç¨‹ä¸º:Â±16G     è·å–åˆ°çš„åŠ é€Ÿåº¦è®¡æ•°æ® é™¤ä»¥2049ï¼Œ å¯ä»
             -¥è½¬åŒ–ä¸ºå¸¦ç‰©ç†å•ä½çš„æ•°æ®ï¼Œå•ä½ï¼šg(m/s^2)
  762   2              
  763   2              imu963ra_write_acc_gyro_register(IMU963RA_CTRL2_G, IMU963RA_ACC_SAMPLE);    // è®¾ç½®é™€èºä»ªè®¡
             -é‡ç¨‹ Â±2000dps ä»¥åŠæ•°æ®è¾“å‡ºé€Ÿç‡ 208hz
  764   2              // IMU963RA_CTRL2_G å¯„å­˜å™¨
  765   2              // è®¾ç½®ä¸º:0x52 é™€èºä»ªé‡ç¨‹ä¸º:Â±125dps  è·å–åˆ°çš„é™€èºä»ªæ•°æ®é™¤ä»¥228.6ï¼Œ   å¯ä»¥
             -è½¬åŒ–ä¸ºå¸¦ç‰©ç†å•ä½çš„æ•°æ®ï¼Œå•ä½ä¸ºï¼šÂ°/s
  766   2              // è®¾ç½®ä¸º:0x50 é™€èºä»ªé‡ç¨‹ä¸º:Â±250dps  è·å–åˆ°çš„é™€èºä»ªæ•°æ®é™¤ä»¥114.3ï¼Œ   å¯ä»¥
             -è½¬åŒ–ä¸ºå¸¦ç‰©ç†å•ä½çš„æ•°æ®ï¼Œå•ä½ä¸ºï¼šÂ°/s
  767   2              // è®¾ç½®ä¸º:0x54 é™€èºä»ªé‡ç¨‹ä¸º:Â±500dps  è·å–åˆ°çš„é™€èºä»ªæ•°æ®é™¤ä»¥57.1ï¼Œ    å¯ä»¥
             -è½¬åŒ–ä¸ºå¸¦ç‰©ç†å•ä½çš„æ•°æ®ï¼Œå•ä½ä¸ºï¼šÂ°/s
  768   2              // è®¾ç½®ä¸º:0x58 é™€èºä»ªé‡ç¨‹ä¸º:Â±1000dps è·å–åˆ°çš„é™€èºä»ªæ•°æ®é™¤ä»¥28.6ï¼Œ    å¯ä»¥
             -è½¬åŒ–ä¸ºå¸¦ç‰©ç†å•ä½çš„æ•°æ®ï¼Œå•ä½ä¸ºï¼šÂ°/s
  769   2              // è®¾ç½®ä¸º:0x5C é™€èºä»ªé‡ç¨‹ä¸º:Â±2000dps è·å–åˆ°çš„é™€èºä»ªæ•°æ®é™¤ä»¥14.3ï¼Œ    å¯ä»¥
             -è½¬åŒ–ä¸ºå¸¦ç‰©ç†å•ä½çš„æ•°æ®ï¼Œå•ä½ä¸ºï¼šÂ°/s
  770   2              // è®¾ç½®ä¸º:0x51 é™€èºä»ªé‡ç¨‹ä¸º:Â±4000dps è·å–åˆ°çš„é™€èºä»ªæ•°æ®é™¤ä»¥7.1ï¼Œ     å¯ä»¥
             -è½¬åŒ–ä¸ºå¸¦ç‰©ç†å•ä½çš„æ•°æ®ï¼Œå•ä½ä¸ºï¼šÂ°/s
  771   2              
  772   2              imu963ra_write_acc_gyro_register(IMU963RA_CTRL3_C, 0x44);               // ä½¿èƒ½é™€èºä»ªæ•°å­—ä
             -½é€šæ»¤æ³¢å™¨
  773   2              imu963ra_write_acc_gyro_register(IMU963RA_CTRL4_C, 0x02);               // ä½¿èƒ½æ•°å­—ä½é€šæ»¤æ
             -³¢å™¨
  774   2              imu963ra_write_acc_gyro_register(IMU963RA_CTRL5_C, 0x00);               // åŠ é€Ÿåº¦è®¡ä¸é™€èºä
             -»ªå››èˆäº”å…¥
  775   2              imu963ra_write_acc_gyro_register(IMU963RA_CTRL6_C, 0x00);               // å¼€å¯åŠ é€Ÿåº¦è®¡é«˜æ
             -€§èƒ½æ¨¡å¼ é™€èºä»ªä½é€šæ»¤æ³¢ 133hz
  776   2              imu963ra_write_acc_gyro_register(IMU963RA_CTRL7_G, 0x00);               // å¼€å¯é™€èºä»ªé«˜æ€§è
             -ƒ½æ¨¡å¼ å…³é—­é«˜é€šæ»¤æ³¢
  777   2              imu963ra_write_acc_gyro_register(IMU963RA_CTRL9_XL, 0x01);              // å…³é—­I3Cæ¥å£
  778   2      
  779   2              imu963ra_write_acc_gyro_register(IMU963RA_FUNC_CFG_ACCESS, 0x40);       // å¼€å¯HUBå¯„å­˜å™¨è®¿é
             -—® ç”¨äºé…ç½®åœ°ç£è®¡
  780   2              imu963ra_write_acc_gyro_register(IMU963RA_MASTER_CONFIG, 0x80);         // å¤ä½I2Cä¸»æœº
  781   2              delay_ms(2);                             
  782   2              imu963ra_write_acc_gyro_register(IMU963RA_MASTER_CONFIG, 0x00);         // æ¸…é™¤å¤ä½æ ‡å¿—
  783   2              delay_ms(2);
  784   2              
  785   2              imu963ra_write_mag_register(IMU963RA_MAG_ADDR, IMU963RA_MAG_CONTROL2, 0x80);// å¤ä½è¿æ¥çš„å¤–
             -è®¾
  786   2              delay_ms(2);
  787   2              imu963ra_write_mag_register(IMU963RA_MAG_ADDR, IMU963RA_MAG_CONTROL2, 0x00);
  788   2              delay_ms(2);
  789   2              
  790   2              
  791   2              if(imu963ra_mag_self_check())
  792   2              {
  793   3      //      while(1)
  794   3      //      {
  795   3              printf("IMU963RA mag self check error.\r\n");
  796   3      //        delay_ms(200);
  797   3      //      };
  798   3            
  799   3                  
  800   3                  return_state = 1;
  801   3                  break;            
  802   3              }
  803   2      
  804   2              imu963ra_write_mag_register(IMU963RA_MAG_ADDR, IMU963RA_MAG_CONTROL1, IMU963RA_MAG_SAMPLE); // è®
             -¾ç½®ç£åŠ›è®¡é‡ç¨‹8G è¾“å‡ºé€Ÿç‡100hz è¿ç»­æ¨¡å¼
  805   2              // IMU963RA_MAG_ADDR å¯„å­˜å™¨
  806   2              // è®¾ç½®ä¸º:0x19 ç£åŠ›è®¡é‡ç¨‹ä¸º:8G     è·å–åˆ°çš„åŠ é€Ÿåº¦è®¡æ•°æ® é™¤ä»¥3000ï¼Œ å¯ä»¥è½
             -¬åŒ–ä¸ºå¸¦ç‰©ç†å•ä½çš„æ•°æ®ï¼Œå•ä½ï¼šG(é«˜æ–¯)
C251 COMPILER V5.60.0,  IMU963RA                                                           08/03/24  19:26:53  PAGE 15  

  807   2              // è®¾ç½®ä¸º:0x09 ç£åŠ›è®¡é‡ç¨‹ä¸º:2G     è·å–åˆ°çš„åŠ é€Ÿåº¦è®¡æ•°æ® é™¤ä»¥12000ï¼Œå¯ä»¥è½
             -¬åŒ–ä¸ºå¸¦ç‰©ç†å•ä½çš„æ•°æ®ï¼Œå•ä½ï¼šG(é«˜æ–¯)
  808   2              
  809   2              imu963ra_write_mag_register(IMU963RA_MAG_ADDR, IMU963RA_MAG_FBR, 0x01);
  810   2              imu963ra_connect_mag(IMU963RA_MAG_ADDR, IMU963RA_MAG_OUTX_L);
  811   2              
  812   2              imu963ra_write_acc_gyro_register(IMU963RA_FUNC_CFG_ACCESS, 0x00);       // å…³é—­HUBå¯„å­˜å™¨è®¿é
             -—®
  813   2      
  814   2              delay_ms(20);                                                    // ç­‰å¾…ç£åŠ›è®¡è·å–æ•°æ®
  815   2          }while(0);
  816   1          return return_state;
  817   1      }


Module Information          Static   Overlayable
------------------------------------------------
  code size            =      1001     ------
  ecode size           =    ------     ------
  data size            =    ------     ------
  idata size           =    ------     ------
  pdata size           =    ------     ------
  xdata size           =    ------     ------
  xdata-const size     =    ------     ------
  edata size           =        18         25
  bit size             =    ------     ------
  ebit size            =    ------     ------
  bitaddressable size  =    ------     ------
  ebitaddressable size =    ------     ------
  far data size        =    ------     ------
  huge data size       =    ------     ------
  const size           =    ------     ------
  hconst size          =       129     ------
End of Module Information.


C251 COMPILATION COMPLETE.  0 WARNING(S),  0 ERROR(S)
