C251 COMPILER V5.60.0,  inface                                                             08/03/24  19:26:55  PAGE 1   


C251 COMPILER V5.60.0, COMPILATION OF MODULE inface
OBJECT MODULE PLACED IN .\Out_flie\inface.obj
COMPILER INVOKED BY: D:\Keil_80251\C251\BIN\C251.EXE ..\LIB\peripheral\inface.c XSMALL INTR2 BROWSE INCDIR(..\LIB\startu
                    -p;..\LIB\libraries;..\LIB\peripheral;..\USER\inc) DEBUG PRINT(.\Listings\inface.lst) TABS(2) OBJECT(.\Out_flie\inface.ob
                    -j) 

stmt  level    source

    1          #include "assistant.h"
    2          
    3          
    4          //-------------------------------------------------------------------------------------------------------
             -------------
    5          // 函数简介     逐飞助手发送函数
    6          // 参数说明     *buff           需要发送的数据地址
    7          // 参数说明     length          需要发送的长度
    8          // 返回参数     uint32          剩余未发送数据长度
    9          // 使用示例
   10          //-------------------------------------------------------------------------------------------------------
             -------------
   11          uint32 (*assistant_transfer)   (const uint8 *buff, uint32 length);
   12          
   13          
   14          //-------------------------------------------------------------------------------------------------------
             -------------
   15          // 函数简介     逐飞助手接收数据函数
   16          // 参数说明     *buff           需要接收的数据地址
   17          // 参数说明     length          要接收的数据最大长度
   18          // 返回参数     uint32          接收到的数据长度
   19          // 使用示例
   20          //-------------------------------------------------------------------------------------------------------
             -------------
   21          uint32 (*assistant_receive)    (uint8 *buff, uint32 length);
   22          


Module Information          Static   Overlayable
------------------------------------------------
  code size            =    ------     ------
  ecode size           =    ------     ------
  data size            =    ------     ------
  idata size           =    ------     ------
  pdata size           =    ------     ------
  xdata size           =    ------     ------
  xdata-const size     =    ------     ------
  edata size           =         4     ------
  bit size             =    ------     ------
  ebit size            =    ------     ------
  bitaddressable size  =    ------     ------
  ebitaddressable size =    ------     ------
  far data size        =    ------     ------
  huge data size       =    ------     ------
  const size           =    ------     ------
  hconst size          =    ------     ------
End of Module Information.


C251 COMPILATION COMPLETE.  0 WARNING(S),  0 ERROR(S)
